Using pre-set license
Built from '2021.2/staging' branch; Version is '2021.2.3f1 (32358a8527b4) revision 3290506'; Using compiler version '192829333'; Build Type 'Release'
OS: 'Windows 10 Home; OS build 19044.1706; Version 2009; 64bit' Language: 'en' Physical Memory: 16306 MB
BatchMode: 1, IsHumanControllingUs: 0, StartBugReporterOnCrash: 0, Is64bit: 1, IsPro: 0

COMMAND LINE ARGUMENTS:
C:\Program Files\Unity\Hub\Editor\2019.2.11f1\Editor\2021.2.3f1\Editor\Unity.exe
-adb2
-batchMode
-noUpm
-name
AssetImportWorker8
-projectPath
C:/Users/georg/Desktop/Unity Projects/DoorwayParadoxes
-logFile
Logs/AssetImportWorker8.log
-srvPort
49212
Successfully changed project path to: C:/Users/georg/Desktop/Unity Projects/DoorwayParadoxes
C:/Users/georg/Desktop/Unity Projects/DoorwayParadoxes
[UnityMemory] Configuration Parameters - Can be set up in boot.config
    "memorysetup-bucket-allocator-granularity=16"
    "memorysetup-bucket-allocator-bucket-count=8"
    "memorysetup-bucket-allocator-block-size=33554432"
    "memorysetup-bucket-allocator-block-count=8"
    "memorysetup-main-allocator-block-size=16777216"
    "memorysetup-thread-allocator-block-size=16777216"
    "memorysetup-gfx-main-allocator-block-size=16777216"
    "memorysetup-gfx-thread-allocator-block-size=16777216"
    "memorysetup-cache-allocator-block-size=4194304"
    "memorysetup-typetree-allocator-block-size=2097152"
    "memorysetup-profiler-bucket-allocator-granularity=16"
    "memorysetup-profiler-bucket-allocator-bucket-count=8"
    "memorysetup-profiler-bucket-allocator-block-size=33554432"
    "memorysetup-profiler-bucket-allocator-block-count=8"
    "memorysetup-profiler-allocator-block-size=16777216"
    "memorysetup-profiler-editor-allocator-block-size=1048576"
    "memorysetup-temp-allocator-size-main=16777216"
    "memorysetup-job-temp-allocator-block-size=2097152"
    "memorysetup-job-temp-allocator-block-size-background=1048576"
    "memorysetup-job-temp-allocator-reduction-small-platforms=262144"
    "memorysetup-temp-allocator-size-background-worker=32768"
    "memorysetup-temp-allocator-size-job-worker=262144"
    "memorysetup-temp-allocator-size-preload-manager=33554432"
    "memorysetup-temp-allocator-size-nav-mesh-worker=65536"
    "memorysetup-temp-allocator-size-audio-worker=65536"
    "memorysetup-temp-allocator-size-cloud-worker=32768"
    "memorysetup-temp-allocator-size-gi-baking-worker=262144"
    "memorysetup-temp-allocator-size-gfx=262144"
Refreshing native plugins compatible for Editor in 123.00 ms, found 3 plugins.
Preloading 0 native plugins for Editor in 0.00 ms.
Initialize engine version: 2021.2.3f1 (32358a8527b4)
[Subsystems] Discovering subsystems at path C:/Program Files/Unity/Hub/Editor/2019.2.11f1/Editor/2021.2.3f1/Editor/Data/Resources/UnitySubsystems
[Subsystems] Discovering subsystems at path C:/Users/georg/Desktop/Unity Projects/DoorwayParadoxes/Assets
GfxDevice: creating device client; threaded=0; jobified=0
Direct3D:
    Version:  Direct3D 11.0 [level 11.1]
    Renderer: NVIDIA GeForce GTX 1660 Ti (ID=0x2182)
    Vendor:   NVIDIA
    VRAM:     5991 MB
    Driver:   30.0.15.1179
Initialize mono
Mono path[0] = 'C:/Program Files/Unity/Hub/Editor/2019.2.11f1/Editor/2021.2.3f1/Editor/Data/Managed'
Mono path[1] = 'C:/Program Files/Unity/Hub/Editor/2019.2.11f1/Editor/2021.2.3f1/Editor/Data/MonoBleedingEdge/lib/mono/unityjit-win32'
Mono config path = 'C:/Program Files/Unity/Hub/Editor/2019.2.11f1/Editor/2021.2.3f1/Editor/Data/MonoBleedingEdge/etc'
Using monoOptions --debugger-agent=transport=dt_socket,embedding=1,server=y,suspend=n,address=127.0.0.1:56236
Begin MonoManager ReloadAssembly
Registering precompiled unity dll's ...
Register platform support module: C:/Program Files/Unity/Hub/Editor/2019.2.11f1/Editor/2021.2.3f1/Editor/Data/PlaybackEngines/WindowsStandaloneSupport/UnityEditor.WindowsStandalone.Extensions.dll
Registered in 0.014495 seconds.
Native extension for WindowsStandalone target not found
Refreshing native plugins compatible for Editor in 124.40 ms, found 3 plugins.
Preloading 0 native plugins for Editor in 0.00 ms.
Mono: successfully reloaded assembly
- Completed reload, in  0.766 seconds
Domain Reload Profiling:
	ReloadAssembly (766ms)
		BeginReloadAssembly (89ms)
			ExecutionOrderSort (0ms)
			DisableScriptedObjects (0ms)
			BackupInstance (0ms)
			ReleaseScriptingObjects (0ms)
			CreateAndSetChildDomain (1ms)
		EndReloadAssembly (571ms)
			LoadAssemblies (86ms)
			RebuildTransferFunctionScriptingTraits (0ms)
			SetupTypeCache (111ms)
			ReleaseScriptCaches (0ms)
			RebuildScriptCaches (30ms)
			SetupLoadedEditorAssemblies (364ms)
				LogAssemblyErrors (0ms)
				InitializePlatformSupportModulesInManaged (19ms)
				SetLoadedEditorAssemblies (0ms)
				RefreshPlugins (125ms)
				BeforeProcessingInitializeOnLoad (1ms)
				ProcessInitializeOnLoadAttributes (165ms)
				ProcessInitializeOnLoadMethodAttributes (54ms)
				AfterProcessingInitializeOnLoad (0ms)
				EditorAssembliesLoaded (0ms)
			ExecutionOrderSort2 (0ms)
			AwakeInstancesAfterBackupRestoration (0ms)
Platform modules already initialized, skipping
Registering precompiled user dll's ...
Registered in 0.012550 seconds.
Begin MonoManager ReloadAssembly
Symbol file LoadedFromMemory doesn't match image C:\Users\georg\Desktop\Unity Projects\DoorwayParadoxes\Library\PackageCache\com.unity.visualscripting@1.7.5\Editor\VisualScripting.Core\Dependencies\YamlDotNet\Unity.VisualScripting.YamlDotNet.dll
Symbol file LoadedFromMemory doesn't match image C:\Users\georg\Desktop\Unity Projects\DoorwayParadoxes\Library\PackageCache\com.unity.visualscripting@1.7.5\Editor\VisualScripting.Core\Dependencies\DotNetZip\Unity.VisualScripting.IonicZip.dll
Native extension for WindowsStandalone target not found
Refreshing native plugins compatible for Editor in 126.92 ms, found 3 plugins.
Preloading 0 native plugins for Editor in 0.00 ms.
Mono: successfully reloaded assembly
- Completed reload, in  2.230 seconds
Domain Reload Profiling:
	ReloadAssembly (2231ms)
		BeginReloadAssembly (198ms)
			ExecutionOrderSort (0ms)
			DisableScriptedObjects (7ms)
			BackupInstance (0ms)
			ReleaseScriptingObjects (0ms)
			CreateAndSetChildDomain (19ms)
		EndReloadAssembly (1910ms)
			LoadAssemblies (104ms)
			RebuildTransferFunctionScriptingTraits (0ms)
			SetupTypeCache (334ms)
			ReleaseScriptCaches (1ms)
			RebuildScriptCaches (63ms)
			SetupLoadedEditorAssemblies (1291ms)
				LogAssemblyErrors (0ms)
				InitializePlatformSupportModulesInManaged (14ms)
				SetLoadedEditorAssemblies (0ms)
				RefreshPlugins (127ms)
				BeforeProcessingInitializeOnLoad (138ms)
				ProcessInitializeOnLoadAttributes (911ms)
				ProcessInitializeOnLoadMethodAttributes (87ms)
				AfterProcessingInitializeOnLoad (14ms)
				EditorAssembliesLoaded (0ms)
			ExecutionOrderSort2 (0ms)
			AwakeInstancesAfterBackupRestoration (7ms)
Platform modules already initialized, skipping
========================================================================
Worker process is ready to serve import requests
Launched and connected shader compiler UnityShaderCompiler.exe after 0.06 seconds
Refreshing native plugins compatible for Editor in 0.80 ms, found 3 plugins.
Preloading 0 native plugins for Editor in 0.00 ms.
Unloading 4949 Unused Serialized files (Serialized files now loaded: 0)
Unloading 34 unused Assets / (0.7 MB). Loaded Objects now: 5424.
Memory consumption went from 209.9 MB to 209.2 MB.
Total: 4.707000 ms (FindLiveObjects: 0.450400 ms CreateObjectMapping: 0.146500 ms MarkObjects: 3.747300 ms  DeleteObjects: 0.361400 ms)

AssetImportParameters requested are different than current active one (requested -> active):
  custom:video-decoder-ogg-theora: a1e56fd34408186e4bbccfd4996cb3dc -> 
  custom:container-muxer-webm: aa71ff27fc2769a1b78a27578f13a17b -> 
  custom:container-demuxer-webm: 4f35f7cbe854078d1ac9338744f61a02 -> 
  custom:video-encoder-webm-vp8: eb34c28f22e8b96e1ab97ce403110664 -> 
  custom:audio-encoder-webm-vorbis: bf7c407c2cedff20999df2af8eb42d56 -> 
  custom:framework-win-MediaFoundation: 216162199b28c13a410421893ffa2e32 -> 
  custom:container-demuxer-ogg: 62fdf1f143b41e24485cea50d1cbac27 -> 
  custom:video-decoder-webm-vp8: 9c59270c3fd7afecdb556c50c9e8de78 -> 
  custom:audio-decoder-ogg-vorbis: bf7c407c2cedff20999df2af8eb42d56 -> 
========================================================================
Received Import Request.
  Time since last request: 18401.108817 seconds.
  path: Assets/Animations
  artifactKey: Guid(7e04242e1930985449a979a01ffd3a07) Importer(815301076,1909f56bfc062723c751e8b465ee728b)
Start importing Assets/Animations using Guid(7e04242e1930985449a979a01ffd3a07) Importer(815301076,1909f56bfc062723c751e8b465ee728b)  -> (artifact id: '4b97a5a206a40d2947a4ca07cbeb1c5a') in 0.016810 seconds 
========================================================================
Received Import Request.
  Time since last request: 6.997491 seconds.
  path: Assets/Models & Assets/AurynSky/Dungeon Pack/Prefabs/Blue
  artifactKey: Guid(4aa05be0faea27440b5ec2722c5f8890) Importer(815301076,1909f56bfc062723c751e8b465ee728b)
Start importing Assets/Models & Assets/AurynSky/Dungeon Pack/Prefabs/Blue using Guid(4aa05be0faea27440b5ec2722c5f8890) Importer(815301076,1909f56bfc062723c751e8b465ee728b)  -> (artifact id: 'a1ee3e5624fd269ede358405fc9e4d29') in 0.007148 seconds 
========================================================================
Received Import Request.
  Time since last request: 113.090610 seconds.
  path: Assets/Models & Assets/Materials/Magnet.mat
  artifactKey: Guid(4ea5a21e457f51645b8437b2a97a9499) Importer(815301076,1909f56bfc062723c751e8b465ee728b)
Start importing Assets/Models & Assets/Materials/Magnet.mat using Guid(4ea5a21e457f51645b8437b2a97a9499) Importer(815301076,1909f56bfc062723c751e8b465ee728b)  -> (artifact id: 'c73794d7cd5ab30a854e26421cfd1ef4') in 0.130825 seconds 
========================================================================
Received Import Request.
  Time since last request: 336.257093 seconds.
  path: Assets/Models & Assets/medieval-fantasy-door
  artifactKey: Guid(060e16f195720af4284a0f0a8c2031c1) Importer(815301076,1909f56bfc062723c751e8b465ee728b)
Start importing Assets/Models & Assets/medieval-fantasy-door using Guid(060e16f195720af4284a0f0a8c2031c1) Importer(815301076,1909f56bfc062723c751e8b465ee728b)  -> (artifact id: '27315485ff8d78c3a5153bd129af061c') in 0.007431 seconds 
========================================================================
Received Import Request.
  Time since last request: 149.387988 seconds.
  path: Assets/Models & Assets/hobbit-house-door
  artifactKey: Guid(6587fc118d9a66a4ea5c281189454a08) Importer(815301076,1909f56bfc062723c751e8b465ee728b)
Start importing Assets/Models & Assets/hobbit-house-door using Guid(6587fc118d9a66a4ea5c281189454a08) Importer(815301076,1909f56bfc062723c751e8b465ee728b)  -> (artifact id: 'c294d8ab0b88a367e9ae6fc2c9f66e08') in 0.007231 seconds 
========================================================================
Received Import Request.
  Time since last request: 0.954206 seconds.
  path: Assets/Models & Assets/hobbit-house-door/source
  artifactKey: Guid(c17ad722faba01a4685849f8fee29731) Importer(815301076,1909f56bfc062723c751e8b465ee728b)
Start importing Assets/Models & Assets/hobbit-house-door/source using Guid(c17ad722faba01a4685849f8fee29731) Importer(815301076,1909f56bfc062723c751e8b465ee728b)  -> (artifact id: '1d2dc2ec72ac5a1df3b07b6ecdce34ef') in 0.006624 seconds 
========================================================================
Received Import Request.
  Time since last request: 0.984475 seconds.
  path: Assets/Models & Assets/hobbit-house-door/source/door_LP.zip
  artifactKey: Guid(fe1ef6592bba41249bed3bd806df1cde) Importer(815301076,1909f56bfc062723c751e8b465ee728b)
Start importing Assets/Models & Assets/hobbit-house-door/source/door_LP.zip using Guid(fe1ef6592bba41249bed3bd806df1cde) Importer(815301076,1909f56bfc062723c751e8b465ee728b)  -> (artifact id: '0ce1addd24df13f537d39a373cd90042') in 0.014796 seconds 
========================================================================
Received Import Request.
  Time since last request: 4.914122 seconds.
  path: Assets/Models & Assets/hobbit-house-door/textures
  artifactKey: Guid(f30492598f056284e9bef8a6d16a7150) Importer(815301076,1909f56bfc062723c751e8b465ee728b)
Start importing Assets/Models & Assets/hobbit-house-door/textures using Guid(f30492598f056284e9bef8a6d16a7150) Importer(815301076,1909f56bfc062723c751e8b465ee728b)  -> (artifact id: '9f8205a8ef80a72ddea35cb05f30abe7') in 0.006360 seconds 
========================================================================
Received Import Request.
  Time since last request: 0.049718 seconds.
  path: Assets/Models & Assets/hobbit-house-door/textures/door_lp__wood_AO.png
  artifactKey: Guid(8aa8bfd153dd40847b65d4188fb43d4d) Importer(815301076,1909f56bfc062723c751e8b465ee728b)
Start importing Assets/Models & Assets/hobbit-house-door/textures/door_lp__wood_AO.png using Guid(8aa8bfd153dd40847b65d4188fb43d4d) Importer(815301076,1909f56bfc062723c751e8b465ee728b)  -> (artifact id: 'a37d912644090904ca15d127a3e05107') in 0.096047 seconds 
========================================================================
Received Import Request.
  Time since last request: 0.000029 seconds.
  path: Assets/Models & Assets/hobbit-house-door/textures/door_lp__wood_Roughness.png
  artifactKey: Guid(dd3c57edf05df734fa2caeeeeddb5821) Importer(815301076,1909f56bfc062723c751e8b465ee728b)
Start importing Assets/Models & Assets/hobbit-house-door/textures/door_lp__wood_Roughness.png using Guid(dd3c57edf05df734fa2caeeeeddb5821) Importer(815301076,1909f56bfc062723c751e8b465ee728b)  -> (artifact id: 'eaf4f08c5849690bb72b6144e91e4c2a') in 0.021407 seconds 
========================================================================
Received Import Request.
  Time since last request: 0.000027 seconds.
  path: Assets/Models & Assets/hobbit-house-door/textures/door_lp_metal_01_BaseColor.png
  artifactKey: Guid(33330dbc63061e14793e1b88baefc5a8) Importer(815301076,1909f56bfc062723c751e8b465ee728b)
Start importing Assets/Models & Assets/hobbit-house-door/textures/door_lp_metal_01_BaseColor.png using Guid(33330dbc63061e14793e1b88baefc5a8) Importer(815301076,1909f56bfc062723c751e8b465ee728b)  -> (artifact id: '6b58d9b4bc48c466e5f524ea4876f928') in 0.019070 seconds 
========================================================================
Received Import Request.
  Time since last request: 0.000027 seconds.
  path: Assets/Models & Assets/hobbit-house-door/textures/door_lp__wood_Normal.png
  artifactKey: Guid(fd0a8b633cf9b4d429b6d5a7e1658cea) Importer(815301076,1909f56bfc062723c751e8b465ee728b)
Start importing Assets/Models & Assets/hobbit-house-door/textures/door_lp__wood_Normal.png using Guid(fd0a8b633cf9b4d429b6d5a7e1658cea) Importer(815301076,1909f56bfc062723c751e8b465ee728b)  -> (artifact id: '64a70078597054918272a9668870e126') in 0.041380 seconds 
========================================================================
Received Import Request.
  Time since last request: 0.000025 seconds.
  path: Assets/Models & Assets/hobbit-house-door/textures/door_lp_metal_2_Metallic.png
  artifactKey: Guid(17fb253cc3562aa4ca3a0239b209b829) Importer(815301076,1909f56bfc062723c751e8b465ee728b)
Start importing Assets/Models & Assets/hobbit-house-door/textures/door_lp_metal_2_Metallic.png using Guid(17fb253cc3562aa4ca3a0239b209b829) Importer(815301076,1909f56bfc062723c751e8b465ee728b)  -> (artifact id: '43da3fefc442c35cf127d53f1031e42b') in 0.031959 seconds 
========================================================================
Received Import Request.
  Time since last request: 0.000026 seconds.
  path: Assets/Models & Assets/hobbit-house-door/textures/door_lp_metal_01_Normal.png
  artifactKey: Guid(402598368674cce439c6aaf0e5d11fb1) Importer(815301076,1909f56bfc062723c751e8b465ee728b)
Start importing Assets/Models & Assets/hobbit-house-door/textures/door_lp_metal_01_Normal.png using Guid(402598368674cce439c6aaf0e5d11fb1) Importer(815301076,1909f56bfc062723c751e8b465ee728b)  -> (artifact id: '6ff9231e5b1f9929c84c867c76116e9f') in 0.018538 seconds 
Editor requested this worker to shutdown with reason: Scaling down because of idle timeout
AssetImportWorker is now disconnected from the server
Process exiting
Exiting without the bug reporter. Application will terminate with return code 0