Using pre-set license
Built from '2021.2/staging' branch; Version is '2021.2.3f1 (32358a8527b4) revision 3290506'; Using compiler version '192829333'; Build Type 'Release'
OS: 'Windows 10 Home; OS build 19044.1706; Version 2009; 64bit' Language: 'en' Physical Memory: 16306 MB
BatchMode: 1, IsHumanControllingUs: 0, StartBugReporterOnCrash: 0, Is64bit: 1, IsPro: 0

COMMAND LINE ARGUMENTS:
C:\Program Files\Unity\Hub\Editor\2019.2.11f1\Editor\2021.2.3f1\Editor\Unity.exe
-adb2
-batchMode
-noUpm
-name
AssetImportWorker7
-projectPath
C:/Users/georg/Desktop/Unity Projects/DoorwayParadoxes
-logFile
Logs/AssetImportWorker7.log
-srvPort
49212
Successfully changed project path to: C:/Users/georg/Desktop/Unity Projects/DoorwayParadoxes
C:/Users/georg/Desktop/Unity Projects/DoorwayParadoxes
[UnityMemory] Configuration Parameters - Can be set up in boot.config
    "memorysetup-bucket-allocator-granularity=16"
    "memorysetup-bucket-allocator-bucket-count=8"
    "memorysetup-bucket-allocator-block-size=33554432"
    "memorysetup-bucket-allocator-block-count=8"
    "memorysetup-main-allocator-block-size=16777216"
    "memorysetup-thread-allocator-block-size=16777216"
    "memorysetup-gfx-main-allocator-block-size=16777216"
    "memorysetup-gfx-thread-allocator-block-size=16777216"
    "memorysetup-cache-allocator-block-size=4194304"
    "memorysetup-typetree-allocator-block-size=2097152"
    "memorysetup-profiler-bucket-allocator-granularity=16"
    "memorysetup-profiler-bucket-allocator-bucket-count=8"
    "memorysetup-profiler-bucket-allocator-block-size=33554432"
    "memorysetup-profiler-bucket-allocator-block-count=8"
    "memorysetup-profiler-allocator-block-size=16777216"
    "memorysetup-profiler-editor-allocator-block-size=1048576"
    "memorysetup-temp-allocator-size-main=16777216"
    "memorysetup-job-temp-allocator-block-size=2097152"
    "memorysetup-job-temp-allocator-block-size-background=1048576"
    "memorysetup-job-temp-allocator-reduction-small-platforms=262144"
    "memorysetup-temp-allocator-size-background-worker=32768"
    "memorysetup-temp-allocator-size-job-worker=262144"
    "memorysetup-temp-allocator-size-preload-manager=33554432"
    "memorysetup-temp-allocator-size-nav-mesh-worker=65536"
    "memorysetup-temp-allocator-size-audio-worker=65536"
    "memorysetup-temp-allocator-size-cloud-worker=32768"
    "memorysetup-temp-allocator-size-gi-baking-worker=262144"
    "memorysetup-temp-allocator-size-gfx=262144"
Refreshing native plugins compatible for Editor in 149.55 ms, found 3 plugins.
Preloading 0 native plugins for Editor in 0.00 ms.
Initialize engine version: 2021.2.3f1 (32358a8527b4)
[Subsystems] Discovering subsystems at path C:/Program Files/Unity/Hub/Editor/2019.2.11f1/Editor/2021.2.3f1/Editor/Data/Resources/UnitySubsystems
[Subsystems] Discovering subsystems at path C:/Users/georg/Desktop/Unity Projects/DoorwayParadoxes/Assets
GfxDevice: creating device client; threaded=0; jobified=0
Direct3D:
    Version:  Direct3D 11.0 [level 11.1]
    Renderer: NVIDIA GeForce GTX 1660 Ti (ID=0x2182)
    Vendor:   NVIDIA
    VRAM:     5991 MB
    Driver:   30.0.15.1179
Initialize mono
Mono path[0] = 'C:/Program Files/Unity/Hub/Editor/2019.2.11f1/Editor/2021.2.3f1/Editor/Data/Managed'
Mono path[1] = 'C:/Program Files/Unity/Hub/Editor/2019.2.11f1/Editor/2021.2.3f1/Editor/Data/MonoBleedingEdge/lib/mono/unityjit-win32'
Mono config path = 'C:/Program Files/Unity/Hub/Editor/2019.2.11f1/Editor/2021.2.3f1/Editor/Data/MonoBleedingEdge/etc'
Using monoOptions --debugger-agent=transport=dt_socket,embedding=1,server=y,suspend=n,address=127.0.0.1:56392
Begin MonoManager ReloadAssembly
Registering precompiled unity dll's ...
Register platform support module: C:/Program Files/Unity/Hub/Editor/2019.2.11f1/Editor/2021.2.3f1/Editor/Data/PlaybackEngines/WindowsStandaloneSupport/UnityEditor.WindowsStandalone.Extensions.dll
Registered in 0.012692 seconds.
Native extension for WindowsStandalone target not found
Refreshing native plugins compatible for Editor in 125.59 ms, found 3 plugins.
Preloading 0 native plugins for Editor in 0.00 ms.
Mono: successfully reloaded assembly
- Completed reload, in  0.760 seconds
Domain Reload Profiling:
	ReloadAssembly (761ms)
		BeginReloadAssembly (89ms)
			ExecutionOrderSort (0ms)
			DisableScriptedObjects (0ms)
			BackupInstance (0ms)
			ReleaseScriptingObjects (0ms)
			CreateAndSetChildDomain (1ms)
		EndReloadAssembly (570ms)
			LoadAssemblies (85ms)
			RebuildTransferFunctionScriptingTraits (0ms)
			SetupTypeCache (113ms)
			ReleaseScriptCaches (0ms)
			RebuildScriptCaches (29ms)
			SetupLoadedEditorAssemblies (365ms)
				LogAssemblyErrors (0ms)
				InitializePlatformSupportModulesInManaged (19ms)
				SetLoadedEditorAssemblies (0ms)
				RefreshPlugins (126ms)
				BeforeProcessingInitializeOnLoad (1ms)
				ProcessInitializeOnLoadAttributes (165ms)
				ProcessInitializeOnLoadMethodAttributes (54ms)
				AfterProcessingInitializeOnLoad (0ms)
				EditorAssembliesLoaded (0ms)
			ExecutionOrderSort2 (0ms)
			AwakeInstancesAfterBackupRestoration (0ms)
Platform modules already initialized, skipping
Registering precompiled user dll's ...
Registered in 0.012008 seconds.
Begin MonoManager ReloadAssembly
Symbol file LoadedFromMemory doesn't match image C:\Users\georg\Desktop\Unity Projects\DoorwayParadoxes\Library\PackageCache\com.unity.visualscripting@1.7.5\Editor\VisualScripting.Core\Dependencies\YamlDotNet\Unity.VisualScripting.YamlDotNet.dll
Symbol file LoadedFromMemory doesn't match image C:\Users\georg\Desktop\Unity Projects\DoorwayParadoxes\Library\PackageCache\com.unity.visualscripting@1.7.5\Editor\VisualScripting.Core\Dependencies\DotNetZip\Unity.VisualScripting.IonicZip.dll
Native extension for WindowsStandalone target not found
Refreshing native plugins compatible for Editor in 124.86 ms, found 3 plugins.
Preloading 0 native plugins for Editor in 0.00 ms.
Mono: successfully reloaded assembly
- Completed reload, in  2.213 seconds
Domain Reload Profiling:
	ReloadAssembly (2213ms)
		BeginReloadAssembly (196ms)
			ExecutionOrderSort (0ms)
			DisableScriptedObjects (7ms)
			BackupInstance (0ms)
			ReleaseScriptingObjects (0ms)
			CreateAndSetChildDomain (19ms)
		EndReloadAssembly (1896ms)
			LoadAssemblies (100ms)
			RebuildTransferFunctionScriptingTraits (0ms)
			SetupTypeCache (338ms)
			ReleaseScriptCaches (1ms)
			RebuildScriptCaches (62ms)
			SetupLoadedEditorAssemblies (1278ms)
				LogAssemblyErrors (0ms)
				InitializePlatformSupportModulesInManaged (13ms)
				SetLoadedEditorAssemblies (0ms)
				RefreshPlugins (125ms)
				BeforeProcessingInitializeOnLoad (138ms)
				ProcessInitializeOnLoadAttributes (901ms)
				ProcessInitializeOnLoadMethodAttributes (86ms)
				AfterProcessingInitializeOnLoad (14ms)
				EditorAssembliesLoaded (0ms)
			ExecutionOrderSort2 (0ms)
			AwakeInstancesAfterBackupRestoration (7ms)
Platform modules already initialized, skipping
========================================================================
Worker process is ready to serve import requests
Launched and connected shader compiler UnityShaderCompiler.exe after 0.06 seconds
Refreshing native plugins compatible for Editor in 0.81 ms, found 3 plugins.
Preloading 0 native plugins for Editor in 0.00 ms.
Unloading 4949 Unused Serialized files (Serialized files now loaded: 0)
Unloading 34 unused Assets / (0.7 MB). Loaded Objects now: 5424.
Memory consumption went from 210.0 MB to 209.3 MB.
Total: 4.232500 ms (FindLiveObjects: 0.392800 ms CreateObjectMapping: 0.128300 ms MarkObjects: 3.409400 ms  DeleteObjects: 0.301000 ms)

AssetImportParameters requested are different than current active one (requested -> active):
  custom:video-decoder-ogg-theora: a1e56fd34408186e4bbccfd4996cb3dc -> 
  custom:container-muxer-webm: aa71ff27fc2769a1b78a27578f13a17b -> 
  custom:container-demuxer-webm: 4f35f7cbe854078d1ac9338744f61a02 -> 
  custom:video-encoder-webm-vp8: eb34c28f22e8b96e1ab97ce403110664 -> 
  custom:audio-encoder-webm-vorbis: bf7c407c2cedff20999df2af8eb42d56 -> 
  custom:framework-win-MediaFoundation: 216162199b28c13a410421893ffa2e32 -> 
  custom:container-demuxer-ogg: 62fdf1f143b41e24485cea50d1cbac27 -> 
  custom:video-decoder-webm-vp8: 9c59270c3fd7afecdb556c50c9e8de78 -> 
  custom:audio-decoder-ogg-vorbis: bf7c407c2cedff20999df2af8eb42d56 -> 
========================================================================
Received Import Request.
  Time since last request: 15962.016835 seconds.
  path: Assets/Models & Assets/AurynSky/Dungeon Pack/Prefabs/General/BarrelD.prefab
  artifactKey: Guid(c768072ffa1531945b297d97ec55f771) Importer(815301076,1909f56bfc062723c751e8b465ee728b)
Start importing Assets/Models & Assets/AurynSky/Dungeon Pack/Prefabs/General/BarrelD.prefab using Guid(c768072ffa1531945b297d97ec55f771) Importer(815301076,1909f56bfc062723c751e8b465ee728b)  -> (artifact id: '95c0a8ae2e50e56b77b7c74d2d6bb80d') in 0.162825 seconds 
========================================================================
Received Import Request.
  Time since last request: 0.000031 seconds.
  path: Assets/Models & Assets/AurynSky/Dungeon Pack/Prefabs/General/FireD.prefab
  artifactKey: Guid(ac4da5b092d0c154cbf0cf26e7506c92) Importer(815301076,1909f56bfc062723c751e8b465ee728b)
Start importing Assets/Models & Assets/AurynSky/Dungeon Pack/Prefabs/General/FireD.prefab using Guid(ac4da5b092d0c154cbf0cf26e7506c92) Importer(815301076,1909f56bfc062723c751e8b465ee728b)  -> (artifact id: '50a07f6bf87ed823d7af9c3670af59d8') in 0.026948 seconds 
========================================================================
Received Import Request.
  Time since last request: 0.000033 seconds.
  path: Assets/Models & Assets/AurynSky/Dungeon Pack/Prefabs/General/WaterQuadD.prefab
  artifactKey: Guid(d57e280f4c590714887f370307920c53) Importer(815301076,1909f56bfc062723c751e8b465ee728b)
Start importing Assets/Models & Assets/AurynSky/Dungeon Pack/Prefabs/General/WaterQuadD.prefab using Guid(d57e280f4c590714887f370307920c53) Importer(815301076,1909f56bfc062723c751e8b465ee728b)  -> (artifact id: 'e5c0b1397e7576cf602d7d804f133ce6') in 0.032463 seconds 
========================================================================
Received Import Request.
  Time since last request: 0.000024 seconds.
  path: Assets/Models & Assets/AurynSky/Dungeon Pack/Prefabs/General/ChainTopD.prefab
  artifactKey: Guid(31d9cdb6fbade944b84a4a3fb237d7c2) Importer(815301076,1909f56bfc062723c751e8b465ee728b)
Start importing Assets/Models & Assets/AurynSky/Dungeon Pack/Prefabs/General/ChainTopD.prefab using Guid(31d9cdb6fbade944b84a4a3fb237d7c2) Importer(815301076,1909f56bfc062723c751e8b465ee728b)  -> (artifact id: 'dd5c992e50530aad0f398b9d6d7e17ba') in 0.049438 seconds 
========================================================================
Received Import Request.
  Time since last request: 0.000027 seconds.
  path: Assets/Models & Assets/AurynSky/Dungeon Pack/Prefabs/General/CoinD.prefab
  artifactKey: Guid(de24e9dac65bddc40bc8f81e2245a72c) Importer(815301076,1909f56bfc062723c751e8b465ee728b)
Start importing Assets/Models & Assets/AurynSky/Dungeon Pack/Prefabs/General/CoinD.prefab using Guid(de24e9dac65bddc40bc8f81e2245a72c) Importer(815301076,1909f56bfc062723c751e8b465ee728b)  -> (artifact id: '6f44cb23ad6d6bf5a3358984173fdc87') in 0.018292 seconds 
========================================================================
Received Import Request.
  Time since last request: 0.000028 seconds.
  path: Assets/Models & Assets/AurynSky/Dungeon Pack/Prefabs/General/Skull0ClosedD.prefab
  artifactKey: Guid(07428cfeb07f41144b70e1d7145d2ad3) Importer(815301076,1909f56bfc062723c751e8b465ee728b)
Start importing Assets/Models & Assets/AurynSky/Dungeon Pack/Prefabs/General/Skull0ClosedD.prefab using Guid(07428cfeb07f41144b70e1d7145d2ad3) Importer(815301076,1909f56bfc062723c751e8b465ee728b)  -> (artifact id: 'd252336c99ce665805a5c4ec6ebe3e3c') in 0.017757 seconds 
========================================================================
Received Import Request.
  Time since last request: 0.000022 seconds.
  path: Assets/Models & Assets/AurynSky/Dungeon Pack/Prefabs/General/StatueD.prefab
  artifactKey: Guid(6510b78b29817ba419712695865372be) Importer(815301076,1909f56bfc062723c751e8b465ee728b)
Start importing Assets/Models & Assets/AurynSky/Dungeon Pack/Prefabs/General/StatueD.prefab using Guid(6510b78b29817ba419712695865372be) Importer(815301076,1909f56bfc062723c751e8b465ee728b)  -> (artifact id: '958d7c50b182008b94fcc448aa70e6d5') in 0.017294 seconds 
========================================================================
Received Import Request.
  Time since last request: 191.174401 seconds.
  path: Assets/Models & Assets/AurynSky/Dungeon Pack/Textures/ColorPaletteRED.png
  artifactKey: Guid(df91319b80fe8544fa0763ae437d8b79) Importer(815301076,1909f56bfc062723c751e8b465ee728b)
Start importing Assets/Models & Assets/AurynSky/Dungeon Pack/Textures/ColorPaletteRED.png using Guid(df91319b80fe8544fa0763ae437d8b79) Importer(815301076,1909f56bfc062723c751e8b465ee728b)  -> (artifact id: '8688ec326b335fee671373ce0510c2f5') in 0.070034 seconds 
========================================================================
Received Import Request.
  Time since last request: 0.000024 seconds.
  path: Assets/Models & Assets/AurynSky/Dungeon Pack/Textures/Water.png
  artifactKey: Guid(3ebe8595421400c45a0ede3010567933) Importer(815301076,1909f56bfc062723c751e8b465ee728b)
Start importing Assets/Models & Assets/AurynSky/Dungeon Pack/Textures/Water.png using Guid(3ebe8595421400c45a0ede3010567933) Importer(815301076,1909f56bfc062723c751e8b465ee728b)  -> (artifact id: '88413c14e022df3fc35a32e1dd5c2916') in 0.014948 seconds 
========================================================================
Received Import Request.
  Time since last request: 28.186385 seconds.
  path: Assets/Models & Assets/AurynSky/Dungeon Pack/Materials/ColorPaletteRED.mat
  artifactKey: Guid(bef590b5f83718440bddad527c144253) Importer(815301076,1909f56bfc062723c751e8b465ee728b)
Start importing Assets/Models & Assets/AurynSky/Dungeon Pack/Materials/ColorPaletteRED.mat using Guid(bef590b5f83718440bddad527c144253) Importer(815301076,1909f56bfc062723c751e8b465ee728b)  -> (artifact id: '3ae02aa8e5c48bdcabb413366d3f1394') in 0.037307 seconds 
========================================================================
Received Import Request.
  Time since last request: 0.000029 seconds.
  path: Assets/Models & Assets/AurynSky/Dungeon Pack/Materials/SlimeRiver.mat
  artifactKey: Guid(3ca0d8ba037ed5d448118b5a51faed54) Importer(815301076,1909f56bfc062723c751e8b465ee728b)
Start importing Assets/Models & Assets/AurynSky/Dungeon Pack/Materials/SlimeRiver.mat using Guid(3ca0d8ba037ed5d448118b5a51faed54) Importer(815301076,1909f56bfc062723c751e8b465ee728b)  -> (artifact id: '2e33a5303549687860ae297aaa9c0f6f') in 0.018113 seconds 
========================================================================
Received Import Request.
  Time since last request: 0.000027 seconds.
  path: Assets/Models & Assets/AurynSky/Dungeon Pack/Materials/CubeParticlesDungeon.mat
  artifactKey: Guid(4ce91753a4eefbf468aabe35fd427b81) Importer(815301076,1909f56bfc062723c751e8b465ee728b)
Start importing Assets/Models & Assets/AurynSky/Dungeon Pack/Materials/CubeParticlesDungeon.mat using Guid(4ce91753a4eefbf468aabe35fd427b81) Importer(815301076,1909f56bfc062723c751e8b465ee728b)  -> (artifact id: '3f4627acae6c2f0eb4709e6a9a5e33a0') in 0.016150 seconds 
========================================================================
Received Import Request.
  Time since last request: 0.000029 seconds.
  path: Assets/Models & Assets/AurynSky/Dungeon Pack/Materials/SlimeStill.mat
  artifactKey: Guid(d0bd997c31bd53342bae53677ecc3b65) Importer(815301076,1909f56bfc062723c751e8b465ee728b)
Start importing Assets/Models & Assets/AurynSky/Dungeon Pack/Materials/SlimeStill.mat using Guid(d0bd997c31bd53342bae53677ecc3b65) Importer(815301076,1909f56bfc062723c751e8b465ee728b)  -> (artifact id: 'cd03fa6de48d289dc27eb1286fb1bdd4') in 0.046831 seconds 
========================================================================
Received Import Request.
  Time since last request: 2831.980938 seconds.
  path: Assets/Models & Assets/hobbit-house-door/textures/door_lp__wood_BaseColor.png
  artifactKey: Guid(c78328251cb7f1f43b1897d579b653ab) Importer(815301076,1909f56bfc062723c751e8b465ee728b)
Start importing Assets/Models & Assets/hobbit-house-door/textures/door_lp__wood_BaseColor.png using Guid(c78328251cb7f1f43b1897d579b653ab) Importer(815301076,1909f56bfc062723c751e8b465ee728b)  -> (artifact id: '18f23ca74579cb917a25e0a767d77d08') in 0.042028 seconds 
========================================================================
Received Import Request.
  Time since last request: 0.000025 seconds.
  path: Assets/Models & Assets/hobbit-house-door/textures/door_lp_metal_2_AO.png
  artifactKey: Guid(714d97a3f5679f5499f860553bbb942a) Importer(815301076,1909f56bfc062723c751e8b465ee728b)
Start importing Assets/Models & Assets/hobbit-house-door/textures/door_lp_metal_2_AO.png using Guid(714d97a3f5679f5499f860553bbb942a) Importer(815301076,1909f56bfc062723c751e8b465ee728b)  -> (artifact id: 'b31485163b7063ce84438a0fd5713219') in 0.025819 seconds 
========================================================================
Received Import Request.
  Time since last request: 0.000028 seconds.
  path: Assets/Models & Assets/hobbit-house-door/textures/door_lp_metal_2_BaseColor.png
  artifactKey: Guid(05a0510754201c84fa8f244954698ff4) Importer(815301076,1909f56bfc062723c751e8b465ee728b)
Start importing Assets/Models & Assets/hobbit-house-door/textures/door_lp_metal_2_BaseColor.png using Guid(05a0510754201c84fa8f244954698ff4) Importer(815301076,1909f56bfc062723c751e8b465ee728b)  -> (artifact id: '51ba18d2dd082ea34f439c1f1dcb62cb') in 0.024257 seconds 
========================================================================
Received Import Request.
  Time since last request: 0.000022 seconds.
  path: Assets/Models & Assets/hobbit-house-door/textures/door_lp__wood_Metallic.png
  artifactKey: Guid(368029784d48c504fb0808ff5ddcaa64) Importer(815301076,1909f56bfc062723c751e8b465ee728b)
Start importing Assets/Models & Assets/hobbit-house-door/textures/door_lp__wood_Metallic.png using Guid(368029784d48c504fb0808ff5ddcaa64) Importer(815301076,1909f56bfc062723c751e8b465ee728b)  -> (artifact id: 'e40227fc60199558ca9bdcab97688fd8') in 0.030401 seconds 
========================================================================
Received Import Request.
  Time since last request: 0.000029 seconds.
  path: Assets/Models & Assets/hobbit-house-door/textures/door_lp_metal_01_Roughness.png
  artifactKey: Guid(c8099076e3d314445952a0b69466c5bd) Importer(815301076,1909f56bfc062723c751e8b465ee728b)
Start importing Assets/Models & Assets/hobbit-house-door/textures/door_lp_metal_01_Roughness.png using Guid(c8099076e3d314445952a0b69466c5bd) Importer(815301076,1909f56bfc062723c751e8b465ee728b)  -> (artifact id: '03885ee2f431e27d27d859b6fefbd523') in 0.024861 seconds 
========================================================================
Received Import Request.
  Time since last request: 0.000030 seconds.
  path: Assets/Models & Assets/hobbit-house-door/textures/door_lp_metal_01_Metallic.png
  artifactKey: Guid(075a955bd56b01b44bc46f6e55cc2f19) Importer(815301076,1909f56bfc062723c751e8b465ee728b)
Start importing Assets/Models & Assets/hobbit-house-door/textures/door_lp_metal_01_Metallic.png using Guid(075a955bd56b01b44bc46f6e55cc2f19) Importer(815301076,1909f56bfc062723c751e8b465ee728b)  -> (artifact id: '21cf3fbdcb81b58640189eaba08d3df2') in 0.021791 seconds 
========================================================================
Received Import Request.
  Time since last request: 0.000030 seconds.
  path: Assets/Models & Assets/hobbit-house-door/textures/door_lp_metal_01_AO.png
  artifactKey: Guid(fbaa0e8103824ee48b36e34d11976bec) Importer(815301076,1909f56bfc062723c751e8b465ee728b)
Start importing Assets/Models & Assets/hobbit-house-door/textures/door_lp_metal_01_AO.png using Guid(fbaa0e8103824ee48b36e34d11976bec) Importer(815301076,1909f56bfc062723c751e8b465ee728b)  -> (artifact id: 'c19cea2601be262d4c7d0c549875c953') in 0.022593 seconds 
========================================================================
Received Import Request.
  Time since last request: 0.000029 seconds.
  path: Assets/Models & Assets/hobbit-house-door/textures/door_lp_metal_2_Roughness.png
  artifactKey: Guid(143c57915f18ef24c8d93e493f6ba1df) Importer(815301076,1909f56bfc062723c751e8b465ee728b)
Start importing Assets/Models & Assets/hobbit-house-door/textures/door_lp_metal_2_Roughness.png using Guid(143c57915f18ef24c8d93e493f6ba1df) Importer(815301076,1909f56bfc062723c751e8b465ee728b)  -> (artifact id: 'b182d9632ec55718631658a7d9b47576') in 0.017826 seconds 
========================================================================
Received Import Request.
  Time since last request: 0.000022 seconds.
  path: Assets/Models & Assets/hobbit-house-door/textures/door_lp_metal_2_Normal.png
  artifactKey: Guid(39e5dc354729fdd40b4cb8aaf7323a7d) Importer(815301076,1909f56bfc062723c751e8b465ee728b)
Start importing Assets/Models & Assets/hobbit-house-door/textures/door_lp_metal_2_Normal.png using Guid(39e5dc354729fdd40b4cb8aaf7323a7d) Importer(815301076,1909f56bfc062723c751e8b465ee728b)  -> (artifact id: '1e153252d0f3f113c8628698f2a1836c') in 0.016733 seconds 
========================================================================
Received Import Request.
  Time since last request: 68.699892 seconds.
  path: Assets/Models & Assets/hobbit-house-door/source/door_LP/door_lp__wood_AO.png
  artifactKey: Guid(f0828e1a340cff943a57e7570b0759d3) Importer(815301076,1909f56bfc062723c751e8b465ee728b)
Start importing Assets/Models & Assets/hobbit-house-door/source/door_LP/door_lp__wood_AO.png using Guid(f0828e1a340cff943a57e7570b0759d3) Importer(815301076,1909f56bfc062723c751e8b465ee728b)  -> (artifact id: '930042bb8a9ce191bc90fd8e03d71260') in 0.017976 seconds 
========================================================================
Received Import Request.
  Time since last request: 0.000037 seconds.
  path: Assets/Models & Assets/hobbit-house-door/source/door_LP/door_lp_metal_2_Height.png
  artifactKey: Guid(fbc166c9778110f49a27402a3f5d4b11) Importer(815301076,1909f56bfc062723c751e8b465ee728b)
Start importing Assets/Models & Assets/hobbit-house-door/source/door_LP/door_lp_metal_2_Height.png using Guid(fbc166c9778110f49a27402a3f5d4b11) Importer(815301076,1909f56bfc062723c751e8b465ee728b)  -> (artifact id: '3313f29332ebe5c1ff5c057a1a0b4c77') in 0.016279 seconds 
========================================================================
Received Import Request.
  Time since last request: 0.000022 seconds.
  path: Assets/Models & Assets/hobbit-house-door/source/door_LP/door_lp_metal_01_AO.png
  artifactKey: Guid(50022de4466928e44a3187852f217b78) Importer(815301076,1909f56bfc062723c751e8b465ee728b)
Start importing Assets/Models & Assets/hobbit-house-door/source/door_LP/door_lp_metal_01_AO.png using Guid(50022de4466928e44a3187852f217b78) Importer(815301076,1909f56bfc062723c751e8b465ee728b)  -> (artifact id: 'a6b2de21d408b89b69f89f40adfa322b') in 0.018451 seconds 
========================================================================
Received Import Request.
  Time since last request: 0.000024 seconds.
  path: Assets/Models & Assets/hobbit-house-door/source/door_LP/door_lp_metal_01_Roughness.png
  artifactKey: Guid(8de7a503911170d4388a45f2a87d0d67) Importer(815301076,1909f56bfc062723c751e8b465ee728b)
Start importing Assets/Models & Assets/hobbit-house-door/source/door_LP/door_lp_metal_01_Roughness.png using Guid(8de7a503911170d4388a45f2a87d0d67) Importer(815301076,1909f56bfc062723c751e8b465ee728b)  -> (artifact id: 'a23ec832ddaa34e566c35cfea259f73d') in 0.017549 seconds 
========================================================================
Received Import Request.
  Time since last request: 0.000026 seconds.
  path: Assets/Models & Assets/hobbit-house-door/source/door_LP/door_lp_metal_2_BaseColor.png
  artifactKey: Guid(0610090525b3a054e9642b3de35fe9a9) Importer(815301076,1909f56bfc062723c751e8b465ee728b)
Start importing Assets/Models & Assets/hobbit-house-door/source/door_LP/door_lp_metal_2_BaseColor.png using Guid(0610090525b3a054e9642b3de35fe9a9) Importer(815301076,1909f56bfc062723c751e8b465ee728b)  -> (artifact id: '04fe7efc1cd29b203d4b2d25303f259c') in 0.026478 seconds 
========================================================================
Received Import Request.
  Time since last request: 0.000026 seconds.
  path: Assets/Models & Assets/hobbit-house-door/source/door_LP/door_lp__wood_Metallic.png
  artifactKey: Guid(53218cdf60b53364fa677ecdcc0aedbb) Importer(815301076,1909f56bfc062723c751e8b465ee728b)
Start importing Assets/Models & Assets/hobbit-house-door/source/door_LP/door_lp__wood_Metallic.png using Guid(53218cdf60b53364fa677ecdcc0aedbb) Importer(815301076,1909f56bfc062723c751e8b465ee728b)  -> (artifact id: 'b5a2989a0a9f2c014ceba96d9c0e9807') in 0.022417 seconds 
========================================================================
Received Import Request.
  Time since last request: 0.000029 seconds.
  path: Assets/Models & Assets/hobbit-house-door/source/door_LP/door_lp__wood_BaseColor.png
  artifactKey: Guid(1cac776fedcafd544a8167acbf4b806f) Importer(815301076,1909f56bfc062723c751e8b465ee728b)
Start importing Assets/Models & Assets/hobbit-house-door/source/door_LP/door_lp__wood_BaseColor.png using Guid(1cac776fedcafd544a8167acbf4b806f) Importer(815301076,1909f56bfc062723c751e8b465ee728b)  -> (artifact id: '01fb16d1aefd54bb267976a2ce06b482') in 0.018881 seconds 
========================================================================
Received Import Request.
  Time since last request: 0.000025 seconds.
  path: Assets/Models & Assets/hobbit-house-door/source/door_LP/door_lp_metal_2_Normal.png
  artifactKey: Guid(ccc79df780f87a849a99c5da4b889e78) Importer(815301076,1909f56bfc062723c751e8b465ee728b)
Start importing Assets/Models & Assets/hobbit-house-door/source/door_LP/door_lp_metal_2_Normal.png using Guid(ccc79df780f87a849a99c5da4b889e78) Importer(815301076,1909f56bfc062723c751e8b465ee728b)  -> (artifact id: '76acd5d32eb02a6ea3becee1f7f27588') in 0.016559 seconds 
========================================================================
Received Import Request.
  Time since last request: 0.000027 seconds.
  path: Assets/Models & Assets/hobbit-house-door/source/door_LP/door_lp_metal_2_Metallic.png
  artifactKey: Guid(badc5e48c66ccc646813534b71ce3413) Importer(815301076,1909f56bfc062723c751e8b465ee728b)
Start importing Assets/Models & Assets/hobbit-house-door/source/door_LP/door_lp_metal_2_Metallic.png using Guid(badc5e48c66ccc646813534b71ce3413) Importer(815301076,1909f56bfc062723c751e8b465ee728b)  -> (artifact id: '18b889c53d92da9ba4e3d1bd3fc484f0') in 0.017153 seconds 
========================================================================
Received Import Request.
  Time since last request: 0.000017 seconds.
  path: Assets/Models & Assets/hobbit-house-door/source/door_LP/door_lp_metal_2_AO.png
  artifactKey: Guid(d3e213cfe7b60484da9212295f1ebb72) Importer(815301076,1909f56bfc062723c751e8b465ee728b)
Start importing Assets/Models & Assets/hobbit-house-door/source/door_LP/door_lp_metal_2_AO.png using Guid(d3e213cfe7b60484da9212295f1ebb72) Importer(815301076,1909f56bfc062723c751e8b465ee728b)  -> (artifact id: 'bf8d93bd228ed2a5c0de0c84f8d0fac8') in 0.023366 seconds 
========================================================================
Received Import Request.
  Time since last request: 0.000031 seconds.
  path: Assets/Models & Assets/hobbit-house-door/source/door_LP/door_lp_metal_2_Roughness.png
  artifactKey: Guid(c5bba02dd564977408b5b149fac85325) Importer(815301076,1909f56bfc062723c751e8b465ee728b)
Start importing Assets/Models & Assets/hobbit-house-door/source/door_LP/door_lp_metal_2_Roughness.png using Guid(c5bba02dd564977408b5b149fac85325) Importer(815301076,1909f56bfc062723c751e8b465ee728b)  -> (artifact id: '2a4a22be03949fed40c25f640ff0ace9') in 0.016137 seconds 
========================================================================
Received Import Request.
  Time since last request: 0.000036 seconds.
  path: Assets/Models & Assets/hobbit-house-door/source/door_LP/door_lp__wood_Roughness.png
  artifactKey: Guid(4a9f7e2d2d1435a4d870f1da66c5e775) Importer(815301076,1909f56bfc062723c751e8b465ee728b)
Start importing Assets/Models & Assets/hobbit-house-door/source/door_LP/door_lp__wood_Roughness.png using Guid(4a9f7e2d2d1435a4d870f1da66c5e775) Importer(815301076,1909f56bfc062723c751e8b465ee728b)  -> (artifact id: '680bf540e1d6519075c777aa1029c556') in 0.016032 seconds 
========================================================================
Received Import Request.
  Time since last request: 0.000026 seconds.
  path: Assets/Models & Assets/hobbit-house-door/source/door_LP/door_lp_metal_01_Normal.png
  artifactKey: Guid(1cb5dee65b325fa4498c459921e3d2fb) Importer(815301076,1909f56bfc062723c751e8b465ee728b)
Start importing Assets/Models & Assets/hobbit-house-door/source/door_LP/door_lp_metal_01_Normal.png using Guid(1cb5dee65b325fa4498c459921e3d2fb) Importer(815301076,1909f56bfc062723c751e8b465ee728b)  -> (artifact id: 'b366421798a19634f01af24fad436bac') in 0.021624 seconds 
========================================================================
Received Import Request.
  Time since last request: 0.000028 seconds.
  path: Assets/Models & Assets/hobbit-house-door/source/door_LP/door_lp__wood_Height.png
  artifactKey: Guid(a81be7ac64b6f5d41801d45405fa1055) Importer(815301076,1909f56bfc062723c751e8b465ee728b)
Start importing Assets/Models & Assets/hobbit-house-door/source/door_LP/door_lp__wood_Height.png using Guid(a81be7ac64b6f5d41801d45405fa1055) Importer(815301076,1909f56bfc062723c751e8b465ee728b)  -> (artifact id: 'f5128e1cd85da3d5aeddb34442a3919b') in 0.020815 seconds 
========================================================================
Received Import Request.
  Time since last request: 0.000026 seconds.
  path: Assets/Models & Assets/hobbit-house-door/source/door_LP/door_lp_metal_01_BaseColor.png
  artifactKey: Guid(8aa8101572358a040aa3be0cbd4fb35f) Importer(815301076,1909f56bfc062723c751e8b465ee728b)
Start importing Assets/Models & Assets/hobbit-house-door/source/door_LP/door_lp_metal_01_BaseColor.png using Guid(8aa8101572358a040aa3be0cbd4fb35f) Importer(815301076,1909f56bfc062723c751e8b465ee728b)  -> (artifact id: '43230ad6830ec6d17a95cf6d116d3b62') in 0.014679 seconds 
========================================================================
Received Import Request.
  Time since last request: 0.000042 seconds.
  path: Assets/Models & Assets/hobbit-house-door/source/door_LP/door_lp__wood_Normal.png
  artifactKey: Guid(acdfab20430d3ae429538d6f5b519b09) Importer(815301076,1909f56bfc062723c751e8b465ee728b)
Start importing Assets/Models & Assets/hobbit-house-door/source/door_LP/door_lp__wood_Normal.png using Guid(acdfab20430d3ae429538d6f5b519b09) Importer(815301076,1909f56bfc062723c751e8b465ee728b)  -> (artifact id: 'cecf04650a565646cb87f63f66624ce2') in 0.014560 seconds 
========================================================================
Received Import Request.
  Time since last request: 0.000039 seconds.
  path: Assets/Models & Assets/hobbit-house-door/source/door_LP/door_lp_metal_01_Metallic.png
  artifactKey: Guid(43f1644b2b15143458e91b9236fa87df) Importer(815301076,1909f56bfc062723c751e8b465ee728b)
Start importing Assets/Models & Assets/hobbit-house-door/source/door_LP/door_lp_metal_01_Metallic.png using Guid(43f1644b2b15143458e91b9236fa87df) Importer(815301076,1909f56bfc062723c751e8b465ee728b)  -> (artifact id: '88122313b3e16c9d4d4945b31e07ac92') in 0.010477 seconds 
========================================================================
Received Import Request.
  Time since last request: 0.000036 seconds.
  path: Assets/Models & Assets/hobbit-house-door/source/door_LP/door_lp_metal_01_Height.png
  artifactKey: Guid(8b030e4db7a056540b4a4c4fe2bbe1a8) Importer(815301076,1909f56bfc062723c751e8b465ee728b)
Start importing Assets/Models & Assets/hobbit-house-door/source/door_LP/door_lp_metal_01_Height.png using Guid(8b030e4db7a056540b4a4c4fe2bbe1a8) Importer(815301076,1909f56bfc062723c751e8b465ee728b)  -> (artifact id: '33199162730742c6568eda7920014efb') in 0.016105 seconds 
Editor requested this worker to shutdown with reason: Scaling down because of idle timeout
AssetImportWorker is now disconnected from the server
Process exiting
Exiting without the bug reporter. Application will terminate with return code 0