Using pre-set license
Built from '2021.2/staging' branch; Version is '2021.2.3f1 (32358a8527b4) revision 3290506'; Using compiler version '192829333'; Build Type 'Release'
OS: 'Windows 10 Home; OS build 19044.1706; Version 2009; 64bit' Language: 'en' Physical Memory: 16306 MB
BatchMode: 1, IsHumanControllingUs: 0, StartBugReporterOnCrash: 0, Is64bit: 1, IsPro: 0

COMMAND LINE ARGUMENTS:
C:\Program Files\Unity\Hub\Editor\2019.2.11f1\Editor\2021.2.3f1\Editor\Unity.exe
-adb2
-batchMode
-noUpm
-name
AssetImportWorker5
-projectPath
C:/Users/georg/Desktop/Unity Projects/DoorwayParadoxes
-logFile
Logs/AssetImportWorker5.log
-srvPort
62804
Successfully changed project path to: C:/Users/georg/Desktop/Unity Projects/DoorwayParadoxes
C:/Users/georg/Desktop/Unity Projects/DoorwayParadoxes
[UnityMemory] Configuration Parameters - Can be set up in boot.config
    "memorysetup-bucket-allocator-granularity=16"
    "memorysetup-bucket-allocator-bucket-count=8"
    "memorysetup-bucket-allocator-block-size=33554432"
    "memorysetup-bucket-allocator-block-count=8"
    "memorysetup-main-allocator-block-size=16777216"
    "memorysetup-thread-allocator-block-size=16777216"
    "memorysetup-gfx-main-allocator-block-size=16777216"
    "memorysetup-gfx-thread-allocator-block-size=16777216"
    "memorysetup-cache-allocator-block-size=4194304"
    "memorysetup-typetree-allocator-block-size=2097152"
    "memorysetup-profiler-bucket-allocator-granularity=16"
    "memorysetup-profiler-bucket-allocator-bucket-count=8"
    "memorysetup-profiler-bucket-allocator-block-size=33554432"
    "memorysetup-profiler-bucket-allocator-block-count=8"
    "memorysetup-profiler-allocator-block-size=16777216"
    "memorysetup-profiler-editor-allocator-block-size=1048576"
    "memorysetup-temp-allocator-size-main=16777216"
    "memorysetup-job-temp-allocator-block-size=2097152"
    "memorysetup-job-temp-allocator-block-size-background=1048576"
    "memorysetup-job-temp-allocator-reduction-small-platforms=262144"
    "memorysetup-temp-allocator-size-background-worker=32768"
    "memorysetup-temp-allocator-size-job-worker=262144"
    "memorysetup-temp-allocator-size-preload-manager=33554432"
    "memorysetup-temp-allocator-size-nav-mesh-worker=65536"
    "memorysetup-temp-allocator-size-audio-worker=65536"
    "memorysetup-temp-allocator-size-cloud-worker=32768"
    "memorysetup-temp-allocator-size-gi-baking-worker=262144"
    "memorysetup-temp-allocator-size-gfx=262144"
Refreshing native plugins compatible for Editor in 129.04 ms, found 3 plugins.
Preloading 0 native plugins for Editor in 0.00 ms.
Initialize engine version: 2021.2.3f1 (32358a8527b4)
[Subsystems] Discovering subsystems at path C:/Program Files/Unity/Hub/Editor/2019.2.11f1/Editor/2021.2.3f1/Editor/Data/Resources/UnitySubsystems
[Subsystems] Discovering subsystems at path C:/Users/georg/Desktop/Unity Projects/DoorwayParadoxes/Assets
GfxDevice: creating device client; threaded=0; jobified=0
Direct3D:
    Version:  Direct3D 11.0 [level 11.1]
    Renderer: NVIDIA GeForce GTX 1660 Ti (ID=0x2182)
    Vendor:   NVIDIA
    VRAM:     5991 MB
    Driver:   30.0.15.1179
Initialize mono
Mono path[0] = 'C:/Program Files/Unity/Hub/Editor/2019.2.11f1/Editor/2021.2.3f1/Editor/Data/Managed'
Mono path[1] = 'C:/Program Files/Unity/Hub/Editor/2019.2.11f1/Editor/2021.2.3f1/Editor/Data/MonoBleedingEdge/lib/mono/unityjit-win32'
Mono config path = 'C:/Program Files/Unity/Hub/Editor/2019.2.11f1/Editor/2021.2.3f1/Editor/Data/MonoBleedingEdge/etc'
Using monoOptions --debugger-agent=transport=dt_socket,embedding=1,server=y,suspend=n,address=127.0.0.1:56548
Begin MonoManager ReloadAssembly
Registering precompiled unity dll's ...
Register platform support module: C:/Program Files/Unity/Hub/Editor/2019.2.11f1/Editor/2021.2.3f1/Editor/Data/PlaybackEngines/WindowsStandaloneSupport/UnityEditor.WindowsStandalone.Extensions.dll
Registered in 0.012910 seconds.
Native extension for WindowsStandalone target not found
Refreshing native plugins compatible for Editor in 131.69 ms, found 3 plugins.
Preloading 0 native plugins for Editor in 0.00 ms.
Mono: successfully reloaded assembly
- Completed reload, in  0.769 seconds
Domain Reload Profiling:
	ReloadAssembly (769ms)
		BeginReloadAssembly (89ms)
			ExecutionOrderSort (0ms)
			DisableScriptedObjects (0ms)
			BackupInstance (0ms)
			ReleaseScriptingObjects (0ms)
			CreateAndSetChildDomain (1ms)
		EndReloadAssembly (576ms)
			LoadAssemblies (86ms)
			RebuildTransferFunctionScriptingTraits (0ms)
			SetupTypeCache (112ms)
			ReleaseScriptCaches (0ms)
			RebuildScriptCaches (29ms)
			SetupLoadedEditorAssemblies (372ms)
				LogAssemblyErrors (0ms)
				InitializePlatformSupportModulesInManaged (18ms)
				SetLoadedEditorAssemblies (0ms)
				RefreshPlugins (132ms)
				BeforeProcessingInitializeOnLoad (1ms)
				ProcessInitializeOnLoadAttributes (165ms)
				ProcessInitializeOnLoadMethodAttributes (55ms)
				AfterProcessingInitializeOnLoad (0ms)
				EditorAssembliesLoaded (0ms)
			ExecutionOrderSort2 (0ms)
			AwakeInstancesAfterBackupRestoration (0ms)
Platform modules already initialized, skipping
Registering precompiled user dll's ...
Registered in 0.011957 seconds.
Begin MonoManager ReloadAssembly
Symbol file LoadedFromMemory doesn't match image C:\Users\georg\Desktop\Unity Projects\DoorwayParadoxes\Library\PackageCache\com.unity.visualscripting@1.7.5\Editor\VisualScripting.Core\Dependencies\YamlDotNet\Unity.VisualScripting.YamlDotNet.dll
Symbol file LoadedFromMemory doesn't match image C:\Users\georg\Desktop\Unity Projects\DoorwayParadoxes\Library\PackageCache\com.unity.visualscripting@1.7.5\Editor\VisualScripting.Core\Dependencies\DotNetZip\Unity.VisualScripting.IonicZip.dll
Native extension for WindowsStandalone target not found
Refreshing native plugins compatible for Editor in 140.31 ms, found 3 plugins.
Preloading 0 native plugins for Editor in 0.00 ms.
Mono: successfully reloaded assembly
- Completed reload, in  2.277 seconds
Domain Reload Profiling:
	ReloadAssembly (2278ms)
		BeginReloadAssembly (197ms)
			ExecutionOrderSort (0ms)
			DisableScriptedObjects (7ms)
			BackupInstance (0ms)
			ReleaseScriptingObjects (0ms)
			CreateAndSetChildDomain (20ms)
		EndReloadAssembly (1957ms)
			LoadAssemblies (100ms)
			RebuildTransferFunctionScriptingTraits (0ms)
			SetupTypeCache (332ms)
			ReleaseScriptCaches (1ms)
			RebuildScriptCaches (67ms)
			SetupLoadedEditorAssemblies (1335ms)
				LogAssemblyErrors (0ms)
				InitializePlatformSupportModulesInManaged (14ms)
				SetLoadedEditorAssemblies (0ms)
				RefreshPlugins (140ms)
				BeforeProcessingInitializeOnLoad (147ms)
				ProcessInitializeOnLoadAttributes (924ms)
				ProcessInitializeOnLoadMethodAttributes (94ms)
				AfterProcessingInitializeOnLoad (15ms)
				EditorAssembliesLoaded (0ms)
			ExecutionOrderSort2 (0ms)
			AwakeInstancesAfterBackupRestoration (7ms)
Platform modules already initialized, skipping
========================================================================
Worker process is ready to serve import requests
Launched and connected shader compiler UnityShaderCompiler.exe after 0.07 seconds
Refreshing native plugins compatible for Editor in 0.89 ms, found 3 plugins.
Preloading 0 native plugins for Editor in 0.00 ms.
Unloading 4953 Unused Serialized files (Serialized files now loaded: 0)
Unloading 34 unused Assets / (0.7 MB). Loaded Objects now: 5430.
Memory consumption went from 211.2 MB to 210.5 MB.
Total: 4.348100 ms (FindLiveObjects: 0.422800 ms CreateObjectMapping: 0.134800 ms MarkObjects: 3.471300 ms  DeleteObjects: 0.318000 ms)

AssetImportParameters requested are different than current active one (requested -> active):
  custom:video-decoder-ogg-theora: a1e56fd34408186e4bbccfd4996cb3dc -> 
  custom:container-muxer-webm: aa71ff27fc2769a1b78a27578f13a17b -> 
  custom:container-demuxer-webm: 4f35f7cbe854078d1ac9338744f61a02 -> 
  custom:video-encoder-webm-vp8: eb34c28f22e8b96e1ab97ce403110664 -> 
  custom:audio-encoder-webm-vorbis: bf7c407c2cedff20999df2af8eb42d56 -> 
  custom:framework-win-MediaFoundation: 216162199b28c13a410421893ffa2e32 -> 
  custom:container-demuxer-ogg: 62fdf1f143b41e24485cea50d1cbac27 -> 
  custom:video-decoder-webm-vp8: 9c59270c3fd7afecdb556c50c9e8de78 -> 
  custom:audio-decoder-ogg-vorbis: bf7c407c2cedff20999df2af8eb42d56 -> 
========================================================================
Received Import Request.
  Time since last request: 20583.112169 seconds.
  path: Assets/Models & Assets/Forest/RPGPP_LT/Models/Structures/rpgpp_lt_building_03.fbx
  artifactKey: Guid(52eeab1f0ce4d934591972b6df5d179b) Importer(815301076,1909f56bfc062723c751e8b465ee728b)
Start importing Assets/Models & Assets/Forest/RPGPP_LT/Models/Structures/rpgpp_lt_building_03.fbx using Guid(52eeab1f0ce4d934591972b6df5d179b) Importer(815301076,1909f56bfc062723c751e8b465ee728b)  -> (artifact id: 'b39c3b9e05ecd056f6f3c7c7f30ee0ee') in 0.206404 seconds 
========================================================================
Received Import Request.
  Time since last request: 9.885297 seconds.
  path: Assets/Models & Assets/Forest/RPGPP_LT/Prefabs/Nature/Terrain/rpgpp_lt_mountain_01.prefab
  artifactKey: Guid(9d200fbd47e9c7f45ad54450ebd25b94) Importer(815301076,1909f56bfc062723c751e8b465ee728b)
Start importing Assets/Models & Assets/Forest/RPGPP_LT/Prefabs/Nature/Terrain/rpgpp_lt_mountain_01.prefab using Guid(9d200fbd47e9c7f45ad54450ebd25b94) Importer(815301076,1909f56bfc062723c751e8b465ee728b)  -> (artifact id: 'dedc8915cf66448ade5df1643b72849f') in 0.022857 seconds 
========================================================================
Received Import Request.
  Time since last request: 0.000023 seconds.
  path: Assets/Models & Assets/Forest/RPGPP_LT/Prefabs/Nature/Terrain/rpgpp_lt_terrain_grass_01.prefab
  artifactKey: Guid(bdf8e7438a7816543998181bd3067573) Importer(815301076,1909f56bfc062723c751e8b465ee728b)
Start importing Assets/Models & Assets/Forest/RPGPP_LT/Prefabs/Nature/Terrain/rpgpp_lt_terrain_grass_01.prefab using Guid(bdf8e7438a7816543998181bd3067573) Importer(815301076,1909f56bfc062723c751e8b465ee728b)  -> (artifact id: 'b4307c4104eb7b76367f675e596808c9') in 0.021534 seconds 
========================================================================
Received Import Request.
  Time since last request: 4.675449 seconds.
  path: Assets/Models & Assets/Forest/RPGPP_LT/Prefabs/Nature/Sky/rpgpp_lt_sky_01.prefab
  artifactKey: Guid(f31c6bb6e68212e41b0bcae74612a240) Importer(815301076,1909f56bfc062723c751e8b465ee728b)
Start importing Assets/Models & Assets/Forest/RPGPP_LT/Prefabs/Nature/Sky/rpgpp_lt_sky_01.prefab using Guid(f31c6bb6e68212e41b0bcae74612a240) Importer(815301076,1909f56bfc062723c751e8b465ee728b)  -> (artifact id: 'd676bdefdd413413d14f5e1696a70a98') in 0.056170 seconds 
========================================================================
Received Import Request.
  Time since last request: 8.348940 seconds.
  path: Assets/Models & Assets/Forest/RPGPP_LT/Prefabs/Nature/Vegetation/Trees/rpgpp_lt_tree_pine_01.prefab
  artifactKey: Guid(22a3fd8d3e59a1149bdcd775c0e87241) Importer(815301076,1909f56bfc062723c751e8b465ee728b)
Start importing Assets/Models & Assets/Forest/RPGPP_LT/Prefabs/Nature/Vegetation/Trees/rpgpp_lt_tree_pine_01.prefab using Guid(22a3fd8d3e59a1149bdcd775c0e87241) Importer(815301076,1909f56bfc062723c751e8b465ee728b)  -> (artifact id: '1bd9abb2b92905fe9bc08f947dff2161') in 0.017628 seconds 
========================================================================
Received Import Request.
  Time since last request: 3.847174 seconds.
  path: Assets/Models & Assets/Forest/RPGPP_LT/Prefabs/Nature/Rocks/rpgpp_lt_rock_03.prefab
  artifactKey: Guid(0fd5be61d8c00de419d45d6bf745a69c) Importer(815301076,1909f56bfc062723c751e8b465ee728b)
Start importing Assets/Models & Assets/Forest/RPGPP_LT/Prefabs/Nature/Rocks/rpgpp_lt_rock_03.prefab using Guid(0fd5be61d8c00de419d45d6bf745a69c) Importer(815301076,1909f56bfc062723c751e8b465ee728b)  -> (artifact id: 'f9f7787770b965c214e8cc9d8bb45983') in 0.019527 seconds 
========================================================================
Received Import Request.
  Time since last request: 0.000025 seconds.
  path: Assets/Models & Assets/Forest/RPGPP_LT/Prefabs/Nature/Rocks/rpgpp_lt_rock_small_01.prefab
  artifactKey: Guid(dc9954dcaaaee02409e17bacb3dcc453) Importer(815301076,1909f56bfc062723c751e8b465ee728b)
Start importing Assets/Models & Assets/Forest/RPGPP_LT/Prefabs/Nature/Rocks/rpgpp_lt_rock_small_01.prefab using Guid(dc9954dcaaaee02409e17bacb3dcc453) Importer(815301076,1909f56bfc062723c751e8b465ee728b)  -> (artifact id: 'f8ccbb729b9bbd54bc13e51b65aca7d4') in 0.020169 seconds 
========================================================================
Received Import Request.
  Time since last request: 12.740229 seconds.
  path: Assets/Models & Assets/Forest/RPGPP_LT/Prefabs/Props/Containers/rpgpp_lt_bowl_metal_01.prefab
  artifactKey: Guid(c20b40242fb425a48840e03f7f3a50f4) Importer(815301076,1909f56bfc062723c751e8b465ee728b)
Start importing Assets/Models & Assets/Forest/RPGPP_LT/Prefabs/Props/Containers/rpgpp_lt_bowl_metal_01.prefab using Guid(c20b40242fb425a48840e03f7f3a50f4) Importer(815301076,1909f56bfc062723c751e8b465ee728b)  -> (artifact id: 'a3fe417884a9e9da63f371a38c99c8df') in 0.018000 seconds 
========================================================================
Received Import Request.
  Time since last request: 0.000020 seconds.
  path: Assets/Models & Assets/Forest/RPGPP_LT/Prefabs/Props/Containers/rpgpp_lt_box_wood_01.prefab
  artifactKey: Guid(144403e0e442d2a448335e0c845d665b) Importer(815301076,1909f56bfc062723c751e8b465ee728b)
Start importing Assets/Models & Assets/Forest/RPGPP_LT/Prefabs/Props/Containers/rpgpp_lt_box_wood_01.prefab using Guid(144403e0e442d2a448335e0c845d665b) Importer(815301076,1909f56bfc062723c751e8b465ee728b)  -> (artifact id: '143fece275cd2e4a0db12227ae6083df') in 0.020009 seconds 
========================================================================
Received Import Request.
  Time since last request: 0.000020 seconds.
  path: Assets/Models & Assets/Forest/RPGPP_LT/Prefabs/Props/Containers/rpgpp_lt_sack_open_01.prefab
  artifactKey: Guid(5fb4dbc1b7c07b9418845eb61970d9df) Importer(815301076,1909f56bfc062723c751e8b465ee728b)
Start importing Assets/Models & Assets/Forest/RPGPP_LT/Prefabs/Props/Containers/rpgpp_lt_sack_open_01.prefab using Guid(5fb4dbc1b7c07b9418845eb61970d9df) Importer(815301076,1909f56bfc062723c751e8b465ee728b)  -> (artifact id: '602fddaf6e89b467a742c894682c66d8') in 0.019228 seconds 
========================================================================
Received Import Request.
  Time since last request: 0.000022 seconds.
  path: Assets/Models & Assets/Forest/RPGPP_LT/Prefabs/Props/Containers/rpgpp_lt_package_01.prefab
  artifactKey: Guid(388d2ede35ec91345943f17a010818fc) Importer(815301076,1909f56bfc062723c751e8b465ee728b)
Start importing Assets/Models & Assets/Forest/RPGPP_LT/Prefabs/Props/Containers/rpgpp_lt_package_01.prefab using Guid(388d2ede35ec91345943f17a010818fc) Importer(815301076,1909f56bfc062723c751e8b465ee728b)  -> (artifact id: '65c370bf25eefbf1eae2698ffd92f87f') in 0.019530 seconds 
========================================================================
Received Import Request.
  Time since last request: 10.291789 seconds.
  path: Assets/Models & Assets/Forest/RPGPP_LT/Prefabs/Props/Misc/rpgpp_lt_well_01.prefab
  artifactKey: Guid(4500da6a464da55408dd1ff2324163a7) Importer(815301076,1909f56bfc062723c751e8b465ee728b)
Start importing Assets/Models & Assets/Forest/RPGPP_LT/Prefabs/Props/Misc/rpgpp_lt_well_01.prefab using Guid(4500da6a464da55408dd1ff2324163a7) Importer(815301076,1909f56bfc062723c751e8b465ee728b)  -> (artifact id: 'c0a252073f59205845262969dcc80c43') in 0.016950 seconds 
========================================================================
Received Import Request.
  Time since last request: 6.273783 seconds.
  path: Assets/Models & Assets/Forest/RPGPP_LT/Materials/rpgpp_lt_sky_a.mat
  artifactKey: Guid(ff33af19770dd3e489f9c65e388009fe) Importer(815301076,1909f56bfc062723c751e8b465ee728b)
Start importing Assets/Models & Assets/Forest/RPGPP_LT/Materials/rpgpp_lt_sky_a.mat using Guid(ff33af19770dd3e489f9c65e388009fe) Importer(815301076,1909f56bfc062723c751e8b465ee728b)  -> (artifact id: 'e81e35de57f955aba703b037bd9bc60c') in 0.034342 seconds 
========================================================================
Received Import Request.
  Time since last request: 429.497624 seconds.
  path: Assets/Models & Assets/Forest/ARCHITECTURE_Hagrids Hut/HH_DoorPost.png
  artifactKey: Guid(1956a6f320edbef4ebed7ca191ef81dc) Importer(815301076,1909f56bfc062723c751e8b465ee728b)
Start importing Assets/Models & Assets/Forest/ARCHITECTURE_Hagrids Hut/HH_DoorPost.png using Guid(1956a6f320edbef4ebed7ca191ef81dc) Importer(815301076,1909f56bfc062723c751e8b465ee728b)  -> (artifact id: '382f4513d96eaa40ca8c312e85bc0adb') in 0.048759 seconds 
========================================================================
Received Import Request.
  Time since last request: 0.000032 seconds.
  path: Assets/Models & Assets/Forest/ARCHITECTURE_Hagrids Hut/HH_ExtBase.png
  artifactKey: Guid(249463f931b38c34b8054757fc816f5c) Importer(815301076,1909f56bfc062723c751e8b465ee728b)
Start importing Assets/Models & Assets/Forest/ARCHITECTURE_Hagrids Hut/HH_ExtBase.png using Guid(249463f931b38c34b8054757fc816f5c) Importer(815301076,1909f56bfc062723c751e8b465ee728b)  -> (artifact id: '5153e4010655276d02356e9973a80c2b') in 0.019729 seconds 
========================================================================
Received Import Request.
  Time since last request: 0.000037 seconds.
  path: Assets/Models & Assets/Forest/ARCHITECTURE_Hagrids Hut/HH_ExtStone.png
  artifactKey: Guid(0ad69e425451ab54684db20cac7fdeb1) Importer(815301076,1909f56bfc062723c751e8b465ee728b)
Start importing Assets/Models & Assets/Forest/ARCHITECTURE_Hagrids Hut/HH_ExtStone.png using Guid(0ad69e425451ab54684db20cac7fdeb1) Importer(815301076,1909f56bfc062723c751e8b465ee728b)  -> (artifact id: 'e73c81aae8bd9db65dc49629aff69efa') in 0.019204 seconds 
========================================================================
Received Import Request.
  Time since last request: 0.000044 seconds.
  path: Assets/Models & Assets/Forest/ARCHITECTURE_Hagrids Hut/HH_Roof.png
  artifactKey: Guid(3dc8a504ff737e942ace6f0d83a6fada) Importer(815301076,1909f56bfc062723c751e8b465ee728b)
Start importing Assets/Models & Assets/Forest/ARCHITECTURE_Hagrids Hut/HH_Roof.png using Guid(3dc8a504ff737e942ace6f0d83a6fada) Importer(815301076,1909f56bfc062723c751e8b465ee728b)  -> (artifact id: '73754ea195ab23a9d57471b22a079f04') in 0.019211 seconds 
========================================================================
Received Import Request.
  Time since last request: 0.000037 seconds.
  path: Assets/Models & Assets/Forest/ARCHITECTURE_Hagrids Hut/HH_Extwindow.png
  artifactKey: Guid(dd97b0269257fc54b9a78b4604910156) Importer(815301076,1909f56bfc062723c751e8b465ee728b)
Start importing Assets/Models & Assets/Forest/ARCHITECTURE_Hagrids Hut/HH_Extwindow.png using Guid(dd97b0269257fc54b9a78b4604910156) Importer(815301076,1909f56bfc062723c751e8b465ee728b)  -> (artifact id: 'f1385824918cacc17105d9bab1f1baeb') in 0.018534 seconds 
========================================================================
Received Import Request.
  Time since last request: 0.000034 seconds.
  path: Assets/Models & Assets/Forest/ARCHITECTURE_Hagrids Hut/HH_MossRoof.png
  artifactKey: Guid(98dda3322008b0544b25f3f541f592e7) Importer(815301076,1909f56bfc062723c751e8b465ee728b)
Start importing Assets/Models & Assets/Forest/ARCHITECTURE_Hagrids Hut/HH_MossRoof.png using Guid(98dda3322008b0544b25f3f541f592e7) Importer(815301076,1909f56bfc062723c751e8b465ee728b)  -> (artifact id: '28f686823ca27aa7ac8a3112213bceac') in 0.017236 seconds 
========================================================================
Received Import Request.
  Time since last request: 336.421916 seconds.
  path: Assets/Models & Assets/Forest/EmaceArt/Slavic World Free/Prefabs/EA_Room_Int_Kitchen_Comp_7x10_01a_PRE.prefab
  artifactKey: Guid(dde4e20405bbdff44a7a8e57f9f6eab8) Importer(815301076,1909f56bfc062723c751e8b465ee728b)
Start importing Assets/Models & Assets/Forest/EmaceArt/Slavic World Free/Prefabs/EA_Room_Int_Kitchen_Comp_7x10_01a_PRE.prefab using Guid(dde4e20405bbdff44a7a8e57f9f6eab8) Importer(815301076,1909f56bfc062723c751e8b465ee728b)  -> (artifact id: '8cb07189ffed667eab89420569a8c428') in 0.078081 seconds 
========================================================================
Received Import Request.
  Time since last request: 0.000040 seconds.
  path: Assets/Models & Assets/Forest/EmaceArt/Slavic World Free/Prefabs/EA_Room_Int_LivingRoom_Comp_7x7_01c_PRE.prefab
  artifactKey: Guid(1d6ec208d717eb64b9b40a229d2e2fd1) Importer(815301076,1909f56bfc062723c751e8b465ee728b)
Start importing Assets/Models & Assets/Forest/EmaceArt/Slavic World Free/Prefabs/EA_Room_Int_LivingRoom_Comp_7x7_01c_PRE.prefab using Guid(1d6ec208d717eb64b9b40a229d2e2fd1) Importer(815301076,1909f56bfc062723c751e8b465ee728b)  -> (artifact id: '9b3d42756fe17f75f4c53ee25437a4a9') in 0.063017 seconds 
========================================================================
Received Import Request.
  Time since last request: 0.000040 seconds.
  path: Assets/Models & Assets/Forest/EmaceArt/Slavic World Free/Prefabs/EA_Room_Int_LivingRoom_Comp_7x7_01a_PRE.prefab
  artifactKey: Guid(ba5f2411d6356e74f960d5b2dd2d1c77) Importer(815301076,1909f56bfc062723c751e8b465ee728b)
Start importing Assets/Models & Assets/Forest/EmaceArt/Slavic World Free/Prefabs/EA_Room_Int_LivingRoom_Comp_7x7_01a_PRE.prefab using Guid(ba5f2411d6356e74f960d5b2dd2d1c77) Importer(815301076,1909f56bfc062723c751e8b465ee728b)  -> (artifact id: 'a1292b3792553b8b7f28089955a49d85') in 0.036599 seconds 
========================================================================
Received Import Request.
  Time since last request: 6.799084 seconds.
  path: Assets/Models & Assets/Forest/EmaceArt/Slavic World Free/Material/Art_02.mat
  artifactKey: Guid(19f30ba0cc04af44ba2b498acb981acf) Importer(815301076,1909f56bfc062723c751e8b465ee728b)
Start importing Assets/Models & Assets/Forest/EmaceArt/Slavic World Free/Material/Art_02.mat using Guid(19f30ba0cc04af44ba2b498acb981acf) Importer(815301076,1909f56bfc062723c751e8b465ee728b)  -> (artifact id: '703f198208cb9e667ad0ee784ca3714d') in 0.020235 seconds 
========================================================================
Received Import Request.
  Time since last request: 0.000026 seconds.
  path: Assets/Models & Assets/Forest/EmaceArt/Slavic World Free/Material/EA03_LPNP-Slavika_Colorsheet_wind_ForStandardRender.mat
  artifactKey: Guid(7561046860f36724da94256e380c7d5c) Importer(815301076,1909f56bfc062723c751e8b465ee728b)
Start importing Assets/Models & Assets/Forest/EmaceArt/Slavic World Free/Material/EA03_LPNP-Slavika_Colorsheet_wind_ForStandardRender.mat using Guid(7561046860f36724da94256e380c7d5c) Importer(815301076,1909f56bfc062723c751e8b465ee728b)  -> (artifact id: 'bef7ba741e261cafc2079122612ff2e0') in 0.019027 seconds 
========================================================================
Received Import Request.
  Time since last request: 0.000034 seconds.
  path: Assets/Models & Assets/Forest/EmaceArt/Slavic World Free/Material/EA03_LPNP-Slavika_Colorsheet_v1.mat
  artifactKey: Guid(af96a88a0e2b1cf4a99427ecf41ebbdd) Importer(815301076,1909f56bfc062723c751e8b465ee728b)
Start importing Assets/Models & Assets/Forest/EmaceArt/Slavic World Free/Material/EA03_LPNP-Slavika_Colorsheet_v1.mat using Guid(af96a88a0e2b1cf4a99427ecf41ebbdd) Importer(815301076,1909f56bfc062723c751e8b465ee728b)  -> (artifact id: '70f638efccb0d95aeb50a5634cb75e69') in 0.020568 seconds 
========================================================================
Received Import Request.
  Time since last request: 0.000035 seconds.
  path: Assets/Models & Assets/Forest/EmaceArt/Slavic World Free/Material/Grass.mat
  artifactKey: Guid(ea08560f7d1d41746b68a867eb19abbe) Importer(815301076,1909f56bfc062723c751e8b465ee728b)
Start importing Assets/Models & Assets/Forest/EmaceArt/Slavic World Free/Material/Grass.mat using Guid(ea08560f7d1d41746b68a867eb19abbe) Importer(815301076,1909f56bfc062723c751e8b465ee728b)  -> (artifact id: 'adf7863e07ef4a545ef0b275c36a775f') in 0.030723 seconds 
========================================================================
Received Import Request.
  Time since last request: 0.000024 seconds.
  path: Assets/Models & Assets/Forest/EmaceArt/Slavic World Free/Material/Water.mat
  artifactKey: Guid(7f1a01d22f40d3146b66a9113e3f7171) Importer(815301076,1909f56bfc062723c751e8b465ee728b)
Start importing Assets/Models & Assets/Forest/EmaceArt/Slavic World Free/Material/Water.mat using Guid(7f1a01d22f40d3146b66a9113e3f7171) Importer(815301076,1909f56bfc062723c751e8b465ee728b)  -> (artifact id: '359c66d95f0dc7283fc60dd2643c4be6') in 0.018241 seconds 
========================================================================
Received Import Request.
  Time since last request: 0.000030 seconds.
  path: Assets/Models & Assets/Forest/EmaceArt/Slavic World Free/Material/Art_03.mat
  artifactKey: Guid(1cc56ebaea019ba4abad9bb970f27d90) Importer(815301076,1909f56bfc062723c751e8b465ee728b)
Start importing Assets/Models & Assets/Forest/EmaceArt/Slavic World Free/Material/Art_03.mat using Guid(1cc56ebaea019ba4abad9bb970f27d90) Importer(815301076,1909f56bfc062723c751e8b465ee728b)  -> (artifact id: '5a40545e19d92eca8d5bd2f0018f5a46') in 0.019654 seconds 
========================================================================
Received Import Request.
  Time since last request: 0.000029 seconds.
  path: Assets/Models & Assets/Forest/EmaceArt/Slavic World Free/Material/EA03_LPNP-Slavika_Colorsheet_wind_tree.mat
  artifactKey: Guid(832aba01891ef884caabb15bdd767a8d) Importer(815301076,1909f56bfc062723c751e8b465ee728b)
Start importing Assets/Models & Assets/Forest/EmaceArt/Slavic World Free/Material/EA03_LPNP-Slavika_Colorsheet_wind_tree.mat using Guid(832aba01891ef884caabb15bdd767a8d) Importer(815301076,1909f56bfc062723c751e8b465ee728b)  -> (artifact id: '68829201c0b1e12412ffea2d3e5ed660') in 0.224030 seconds 
========================================================================
Received Import Request.
  Time since last request: 0.000026 seconds.
  path: Assets/Models & Assets/Forest/EmaceArt/Slavic World Free/Material/Mud.mat
  artifactKey: Guid(472527642e708b7428e4fd81d706d082) Importer(815301076,1909f56bfc062723c751e8b465ee728b)
Start importing Assets/Models & Assets/Forest/EmaceArt/Slavic World Free/Material/Mud.mat using Guid(472527642e708b7428e4fd81d706d082) Importer(815301076,1909f56bfc062723c751e8b465ee728b)  -> (artifact id: 'fc41d6b5d66719b85e4a21eed9ed8395') in 0.016833 seconds 
========================================================================
Received Import Request.
  Time since last request: 10.677957 seconds.
  path: Assets/Models & Assets/Forest/EmaceArt/Slavic World Free/Prefabs/Town/Building/EA03_Town_House_Comp_02a_PRE.prefab
  artifactKey: Guid(8df3daf84b58c4b4bb283bcedf5d9d62) Importer(815301076,1909f56bfc062723c751e8b465ee728b)
Start importing Assets/Models & Assets/Forest/EmaceArt/Slavic World Free/Prefabs/Town/Building/EA03_Town_House_Comp_02a_PRE.prefab using Guid(8df3daf84b58c4b4bb283bcedf5d9d62) Importer(815301076,1909f56bfc062723c751e8b465ee728b)  -> (artifact id: '1e0bd3ec1e3a8000fe31f0456f9d64ef') in 0.033942 seconds 
========================================================================
Received Import Request.
  Time since last request: 0.000028 seconds.
  path: Assets/Models & Assets/Forest/EmaceArt/Slavic World Free/Prefabs/Town/Building/EA03_Town_House_Comp_03b_PRE.prefab
  artifactKey: Guid(94f76ea580cc3594e940ce929301f400) Importer(815301076,1909f56bfc062723c751e8b465ee728b)
Start importing Assets/Models & Assets/Forest/EmaceArt/Slavic World Free/Prefabs/Town/Building/EA03_Town_House_Comp_03b_PRE.prefab using Guid(94f76ea580cc3594e940ce929301f400) Importer(815301076,1909f56bfc062723c751e8b465ee728b)  -> (artifact id: 'ea064c4fc70ef4725ab6063cb624eb3a') in 0.038781 seconds 
========================================================================
Received Import Request.
  Time since last request: 24.185064 seconds.
  path: Assets/Models & Assets/Forest/EmaceArt/Slavic World Free/Prefabs/Town/Compound/Walls_Painted/EA03_Village_Hut_Wall_Desk_02a_PRE.prefab
  artifactKey: Guid(3a02fc76e8556b04683abc2885631638) Importer(815301076,1909f56bfc062723c751e8b465ee728b)
Start importing Assets/Models & Assets/Forest/EmaceArt/Slavic World Free/Prefabs/Town/Compound/Walls_Painted/EA03_Village_Hut_Wall_Desk_02a_PRE.prefab using Guid(3a02fc76e8556b04683abc2885631638) Importer(815301076,1909f56bfc062723c751e8b465ee728b)  -> (artifact id: '8628f29a5cbb3235538a496b5a92486e') in 0.021110 seconds 
========================================================================
Received Import Request.
  Time since last request: 19.907891 seconds.
  path: Assets/Models & Assets/Forest/EmaceArt/Slavic World Free/Prefabs/Village/Building/Other/EA03_Village_OutBuilding_Convenience_01a_PRE.prefab
  artifactKey: Guid(ea1570d0256864e4c8563689a8122aa8) Importer(815301076,1909f56bfc062723c751e8b465ee728b)
Start importing Assets/Models & Assets/Forest/EmaceArt/Slavic World Free/Prefabs/Village/Building/Other/EA03_Village_OutBuilding_Convenience_01a_PRE.prefab using Guid(ea1570d0256864e4c8563689a8122aa8) Importer(815301076,1909f56bfc062723c751e8b465ee728b)  -> (artifact id: '2acd73d658840253612682542be3b98d') in 0.019139 seconds 
========================================================================
Received Import Request.
  Time since last request: 0.000036 seconds.
  path: Assets/Models & Assets/Forest/EmaceArt/Slavic World Free/Prefabs/Village/Building/Other/EA03_Village_Tover_01a_PRE.prefab
  artifactKey: Guid(9895332d2189d074892860f64e7d113a) Importer(815301076,1909f56bfc062723c751e8b465ee728b)
Start importing Assets/Models & Assets/Forest/EmaceArt/Slavic World Free/Prefabs/Village/Building/Other/EA03_Village_Tover_01a_PRE.prefab using Guid(9895332d2189d074892860f64e7d113a) Importer(815301076,1909f56bfc062723c751e8b465ee728b)  -> (artifact id: '3ce4fd57e1d8e0d8e88af59f6cda060d') in 0.022634 seconds 
========================================================================
Received Import Request.
  Time since last request: 23.931553 seconds.
  path: Assets/Models & Assets/Forest/EmaceArt/Slavic World Free/Prefabs/Town/Administrative/EA03_Town_Building_Administrative _01b_Modular_PRE.prefab
  artifactKey: Guid(00515b6f42111ce4e8af862ed3d87908) Importer(815301076,1909f56bfc062723c751e8b465ee728b)
Start importing Assets/Models & Assets/Forest/EmaceArt/Slavic World Free/Prefabs/Town/Administrative/EA03_Town_Building_Administrative _01b_Modular_PRE.prefab using Guid(00515b6f42111ce4e8af862ed3d87908) Importer(815301076,1909f56bfc062723c751e8b465ee728b)  -> (artifact id: 'a5115ca6e82dd9aeb090322a7cae1481') in 0.059186 seconds 
========================================================================
Received Prepare
Registering precompiled user dll's ...
Registered in 0.011902 seconds.
Begin MonoManager ReloadAssembly
Symbol file LoadedFromMemory doesn't match image C:\Users\georg\Desktop\Unity Projects\DoorwayParadoxes\Library\PackageCache\com.unity.visualscripting@1.7.5\Editor\VisualScripting.Core\Dependencies\YamlDotNet\Unity.VisualScripting.YamlDotNet.dll
Symbol file LoadedFromMemory doesn't match image C:\Users\georg\Desktop\Unity Projects\DoorwayParadoxes\Library\PackageCache\com.unity.visualscripting@1.7.5\Editor\VisualScripting.Core\Dependencies\DotNetZip\Unity.VisualScripting.IonicZip.dll
Native extension for WindowsStandalone target not found
Refreshing native plugins compatible for Editor in 1.16 ms, found 3 plugins.
Preloading 0 native plugins for Editor in 0.00 ms.
Mono: successfully reloaded assembly
- Completed reload, in  1.777 seconds
Domain Reload Profiling:
	ReloadAssembly (1778ms)
		BeginReloadAssembly (177ms)
			ExecutionOrderSort (0ms)
			DisableScriptedObjects (6ms)
			BackupInstance (0ms)
			ReleaseScriptingObjects (0ms)
			CreateAndSetChildDomain (46ms)
		EndReloadAssembly (1461ms)
			LoadAssemblies (114ms)
			RebuildTransferFunctionScriptingTraits (0ms)
			SetupTypeCache (399ms)
			ReleaseScriptCaches (2ms)
			RebuildScriptCaches (57ms)
			SetupLoadedEditorAssemblies (730ms)
				LogAssemblyErrors (0ms)
				InitializePlatformSupportModulesInManaged (16ms)
				SetLoadedEditorAssemblies (1ms)
				RefreshPlugins (1ms)
				BeforeProcessingInitializeOnLoad (119ms)
				ProcessInitializeOnLoadAttributes (473ms)
				ProcessInitializeOnLoadMethodAttributes (103ms)
				AfterProcessingInitializeOnLoad (17ms)
				EditorAssembliesLoaded (0ms)
			ExecutionOrderSort2 (0ms)
			AwakeInstancesAfterBackupRestoration (17ms)
Platform modules already initialized, skipping
Refreshing native plugins compatible for Editor in 1.58 ms, found 3 plugins.
Preloading 0 native plugins for Editor in 0.00 ms.
Unloading 4865 Unused Serialized files (Serialized files now loaded: 0)
Unloading 30 unused Assets / (0.7 MB). Loaded Objects now: 5565.
Memory consumption went from 211.4 MB to 210.8 MB.
Total: 6.849500 ms (FindLiveObjects: 0.489900 ms CreateObjectMapping: 0.144300 ms MarkObjects: 5.777200 ms  DeleteObjects: 0.436600 ms)

AssetImportParameters requested are different than current active one (requested -> active):
  custom:video-decoder-ogg-theora: a1e56fd34408186e4bbccfd4996cb3dc -> 
  custom:container-muxer-webm: aa71ff27fc2769a1b78a27578f13a17b -> 
  custom:container-demuxer-webm: 4f35f7cbe854078d1ac9338744f61a02 -> 
  custom:video-encoder-webm-vp8: eb34c28f22e8b96e1ab97ce403110664 -> 
  custom:audio-encoder-webm-vorbis: bf7c407c2cedff20999df2af8eb42d56 -> 
  custom:framework-win-MediaFoundation: 216162199b28c13a410421893ffa2e32 -> 
  custom:container-demuxer-ogg: 62fdf1f143b41e24485cea50d1cbac27 -> 
  custom:video-decoder-webm-vp8: 9c59270c3fd7afecdb556c50c9e8de78 -> 
  custom:audio-decoder-ogg-vorbis: bf7c407c2cedff20999df2af8eb42d56 -> 
========================================================================
Received Prepare
Registering precompiled user dll's ...
Registered in 0.012352 seconds.
Begin MonoManager ReloadAssembly
Symbol file LoadedFromMemory doesn't match image C:\Users\georg\Desktop\Unity Projects\DoorwayParadoxes\Library\PackageCache\com.unity.visualscripting@1.7.5\Editor\VisualScripting.Core\Dependencies\YamlDotNet\Unity.VisualScripting.YamlDotNet.dll
Symbol file LoadedFromMemory doesn't match image C:\Users\georg\Desktop\Unity Projects\DoorwayParadoxes\Library\PackageCache\com.unity.visualscripting@1.7.5\Editor\VisualScripting.Core\Dependencies\DotNetZip\Unity.VisualScripting.IonicZip.dll
Native extension for WindowsStandalone target not found
Refreshing native plugins compatible for Editor in 1.41 ms, found 3 plugins.
Preloading 0 native plugins for Editor in 0.00 ms.
Mono: successfully reloaded assembly
- Completed reload, in  1.769 seconds
Domain Reload Profiling:
	ReloadAssembly (1770ms)
		BeginReloadAssembly (173ms)
			ExecutionOrderSort (0ms)
			DisableScriptedObjects (8ms)
			BackupInstance (0ms)
			ReleaseScriptingObjects (0ms)
			CreateAndSetChildDomain (47ms)
		EndReloadAssembly (1459ms)
			LoadAssemblies (115ms)
			RebuildTransferFunctionScriptingTraits (0ms)
			SetupTypeCache (368ms)
			ReleaseScriptCaches (2ms)
			RebuildScriptCaches (61ms)
			SetupLoadedEditorAssemblies (769ms)
				LogAssemblyErrors (0ms)
				InitializePlatformSupportModulesInManaged (18ms)
				SetLoadedEditorAssemblies (1ms)
				RefreshPlugins (2ms)
				BeforeProcessingInitializeOnLoad (141ms)
				ProcessInitializeOnLoadAttributes (486ms)
				ProcessInitializeOnLoadMethodAttributes (102ms)
				AfterProcessingInitializeOnLoad (21ms)
				EditorAssembliesLoaded (0ms)
			ExecutionOrderSort2 (0ms)
			AwakeInstancesAfterBackupRestoration (14ms)
Platform modules already initialized, skipping
Refreshing native plugins compatible for Editor in 1.84 ms, found 3 plugins.
Preloading 0 native plugins for Editor in 0.00 ms.
Unloading 4865 Unused Serialized files (Serialized files now loaded: 0)
Unloading 30 unused Assets / (0.7 MB). Loaded Objects now: 5567.
Memory consumption went from 211.5 MB to 210.8 MB.
Total: 5.514200 ms (FindLiveObjects: 0.606800 ms CreateObjectMapping: 0.242400 ms MarkObjects: 4.199100 ms  DeleteObjects: 0.463200 ms)

AssetImportParameters requested are different than current active one (requested -> active):
  custom:video-decoder-ogg-theora: a1e56fd34408186e4bbccfd4996cb3dc -> 
  custom:container-muxer-webm: aa71ff27fc2769a1b78a27578f13a17b -> 
  custom:container-demuxer-webm: 4f35f7cbe854078d1ac9338744f61a02 -> 
  custom:video-encoder-webm-vp8: eb34c28f22e8b96e1ab97ce403110664 -> 
  custom:audio-encoder-webm-vorbis: bf7c407c2cedff20999df2af8eb42d56 -> 
  custom:framework-win-MediaFoundation: 216162199b28c13a410421893ffa2e32 -> 
  custom:container-demuxer-ogg: 62fdf1f143b41e24485cea50d1cbac27 -> 
  custom:video-decoder-webm-vp8: 9c59270c3fd7afecdb556c50c9e8de78 -> 
  custom:audio-decoder-ogg-vorbis: bf7c407c2cedff20999df2af8eb42d56 -> 
========================================================================
Received Prepare
Registering precompiled user dll's ...
Registered in 0.011576 seconds.
Begin MonoManager ReloadAssembly
Symbol file LoadedFromMemory doesn't match image C:\Users\georg\Desktop\Unity Projects\DoorwayParadoxes\Library\PackageCache\com.unity.visualscripting@1.7.5\Editor\VisualScripting.Core\Dependencies\YamlDotNet\Unity.VisualScripting.YamlDotNet.dll
Symbol file LoadedFromMemory doesn't match image C:\Users\georg\Desktop\Unity Projects\DoorwayParadoxes\Library\PackageCache\com.unity.visualscripting@1.7.5\Editor\VisualScripting.Core\Dependencies\DotNetZip\Unity.VisualScripting.IonicZip.dll
Native extension for WindowsStandalone target not found
Refreshing native plugins compatible for Editor in 1.52 ms, found 3 plugins.
Preloading 0 native plugins for Editor in 0.00 ms.
Mono: successfully reloaded assembly
- Completed reload, in  1.824 seconds
Domain Reload Profiling:
	ReloadAssembly (1825ms)
		BeginReloadAssembly (171ms)
			ExecutionOrderSort (0ms)
			DisableScriptedObjects (8ms)
			BackupInstance (0ms)
			ReleaseScriptingObjects (0ms)
			CreateAndSetChildDomain (43ms)
		EndReloadAssembly (1522ms)
			LoadAssemblies (124ms)
			RebuildTransferFunctionScriptingTraits (0ms)
			SetupTypeCache (387ms)
			ReleaseScriptCaches (2ms)
			RebuildScriptCaches (75ms)
			SetupLoadedEditorAssemblies (778ms)
				LogAssemblyErrors (0ms)
				InitializePlatformSupportModulesInManaged (19ms)
				SetLoadedEditorAssemblies (1ms)
				RefreshPlugins (2ms)
				BeforeProcessingInitializeOnLoad (131ms)
				ProcessInitializeOnLoadAttributes (497ms)
				ProcessInitializeOnLoadMethodAttributes (113ms)
				AfterProcessingInitializeOnLoad (16ms)
				EditorAssembliesLoaded (0ms)
			ExecutionOrderSort2 (0ms)
			AwakeInstancesAfterBackupRestoration (15ms)
Platform modules already initialized, skipping
Refreshing native plugins compatible for Editor in 1.66 ms, found 3 plugins.
Preloading 0 native plugins for Editor in 0.00 ms.
Unloading 4865 Unused Serialized files (Serialized files now loaded: 0)
Unloading 30 unused Assets / (0.7 MB). Loaded Objects now: 5569.
Memory consumption went from 211.5 MB to 210.8 MB.
Total: 8.070900 ms (FindLiveObjects: 0.993800 ms CreateObjectMapping: 0.862400 ms MarkObjects: 5.675900 ms  DeleteObjects: 0.534500 ms)

AssetImportParameters requested are different than current active one (requested -> active):
  custom:video-decoder-ogg-theora: a1e56fd34408186e4bbccfd4996cb3dc -> 
  custom:container-muxer-webm: aa71ff27fc2769a1b78a27578f13a17b -> 
  custom:container-demuxer-webm: 4f35f7cbe854078d1ac9338744f61a02 -> 
  custom:video-encoder-webm-vp8: eb34c28f22e8b96e1ab97ce403110664 -> 
  custom:audio-encoder-webm-vorbis: bf7c407c2cedff20999df2af8eb42d56 -> 
  custom:framework-win-MediaFoundation: 216162199b28c13a410421893ffa2e32 -> 
  custom:container-demuxer-ogg: 62fdf1f143b41e24485cea50d1cbac27 -> 
  custom:video-decoder-webm-vp8: 9c59270c3fd7afecdb556c50c9e8de78 -> 
  custom:audio-decoder-ogg-vorbis: bf7c407c2cedff20999df2af8eb42d56 -> 
========================================================================
Received Prepare
Registering precompiled user dll's ...
Registered in 0.013955 seconds.
Begin MonoManager ReloadAssembly
Symbol file LoadedFromMemory doesn't match image C:\Users\georg\Desktop\Unity Projects\DoorwayParadoxes\Library\PackageCache\com.unity.visualscripting@1.7.5\Editor\VisualScripting.Core\Dependencies\YamlDotNet\Unity.VisualScripting.YamlDotNet.dll
Symbol file LoadedFromMemory doesn't match image C:\Users\georg\Desktop\Unity Projects\DoorwayParadoxes\Library\PackageCache\com.unity.visualscripting@1.7.5\Editor\VisualScripting.Core\Dependencies\DotNetZip\Unity.VisualScripting.IonicZip.dll
Native extension for WindowsStandalone target not found
Refreshing native plugins compatible for Editor in 1.19 ms, found 3 plugins.
Preloading 0 native plugins for Editor in 0.00 ms.
Mono: successfully reloaded assembly
- Completed reload, in  1.891 seconds
Domain Reload Profiling:
	ReloadAssembly (1892ms)
		BeginReloadAssembly (182ms)
			ExecutionOrderSort (0ms)
			DisableScriptedObjects (8ms)
			BackupInstance (0ms)
			ReleaseScriptingObjects (0ms)
			CreateAndSetChildDomain (47ms)
		EndReloadAssembly (1564ms)
			LoadAssemblies (119ms)
			RebuildTransferFunctionScriptingTraits (0ms)
			SetupTypeCache (407ms)
			ReleaseScriptCaches (2ms)
			RebuildScriptCaches (92ms)
			SetupLoadedEditorAssemblies (791ms)
				LogAssemblyErrors (0ms)
				InitializePlatformSupportModulesInManaged (17ms)
				SetLoadedEditorAssemblies (1ms)
				RefreshPlugins (1ms)
				BeforeProcessingInitializeOnLoad (135ms)
				ProcessInitializeOnLoadAttributes (517ms)
				ProcessInitializeOnLoadMethodAttributes (105ms)
				AfterProcessingInitializeOnLoad (16ms)
				EditorAssembliesLoaded (0ms)
			ExecutionOrderSort2 (0ms)
			AwakeInstancesAfterBackupRestoration (15ms)
Platform modules already initialized, skipping
Refreshing native plugins compatible for Editor in 1.23 ms, found 3 plugins.
Preloading 0 native plugins for Editor in 0.00 ms.
Unloading 4865 Unused Serialized files (Serialized files now loaded: 0)
Unloading 30 unused Assets / (0.7 MB). Loaded Objects now: 5571.
Memory consumption went from 211.5 MB to 210.8 MB.
Total: 5.912900 ms (FindLiveObjects: 0.728500 ms CreateObjectMapping: 0.536100 ms MarkObjects: 4.212000 ms  DeleteObjects: 0.435100 ms)

AssetImportParameters requested are different than current active one (requested -> active):
  custom:video-decoder-ogg-theora: a1e56fd34408186e4bbccfd4996cb3dc -> 
  custom:container-muxer-webm: aa71ff27fc2769a1b78a27578f13a17b -> 
  custom:container-demuxer-webm: 4f35f7cbe854078d1ac9338744f61a02 -> 
  custom:video-encoder-webm-vp8: eb34c28f22e8b96e1ab97ce403110664 -> 
  custom:audio-encoder-webm-vorbis: bf7c407c2cedff20999df2af8eb42d56 -> 
  custom:framework-win-MediaFoundation: 216162199b28c13a410421893ffa2e32 -> 
  custom:container-demuxer-ogg: 62fdf1f143b41e24485cea50d1cbac27 -> 
  custom:video-decoder-webm-vp8: 9c59270c3fd7afecdb556c50c9e8de78 -> 
  custom:audio-decoder-ogg-vorbis: bf7c407c2cedff20999df2af8eb42d56 -> 
========================================================================
Received Import Request.
  Time since last request: 988.683031 seconds.
  path: Assets/Models & Assets/Forest/EmaceArt/Slavic World Free/Texture
  artifactKey: Guid(702e9853bac397640b860a9fe6dd6258) Importer(815301076,1909f56bfc062723c751e8b465ee728b)
Start importing Assets/Models & Assets/Forest/EmaceArt/Slavic World Free/Texture using Guid(702e9853bac397640b860a9fe6dd6258) Importer(815301076,1909f56bfc062723c751e8b465ee728b)  -> (artifact id: 'd0e1745037c6802084b61fa6eaccac2b') in 0.014208 seconds 
========================================================================
Received Import Request.
  Time since last request: 9.743879 seconds.
  path: Assets/Models & Assets/Forest/EmaceArt/Slavic World Free/_CommonFiles
  artifactKey: Guid(bba2a6cec04c1cd4cb661914973e83b8) Importer(815301076,1909f56bfc062723c751e8b465ee728b)
Start importing Assets/Models & Assets/Forest/EmaceArt/Slavic World Free/_CommonFiles using Guid(bba2a6cec04c1cd4cb661914973e83b8) Importer(815301076,1909f56bfc062723c751e8b465ee728b)  -> (artifact id: '939887671ab903ef7b7d2c2d961f16ac') in 0.007248 seconds 
========================================================================
Received Import Request.
  Time since last request: 0.733456 seconds.
  path: Assets/Models & Assets/Forest/EmaceArt/Slavic World Free/_CommonFiles/OtherMaterials
  artifactKey: Guid(e5dc3d53b90052e478cd577b9e21a4a9) Importer(815301076,1909f56bfc062723c751e8b465ee728b)
Start importing Assets/Models & Assets/Forest/EmaceArt/Slavic World Free/_CommonFiles/OtherMaterials using Guid(e5dc3d53b90052e478cd577b9e21a4a9) Importer(815301076,1909f56bfc062723c751e8b465ee728b)  -> (artifact id: '2cabb23c8ec027143a8b3bcbc2bcc6a2') in 0.006760 seconds 
========================================================================
Received Import Request.
  Time since last request: 0.052134 seconds.
  path: Assets/Models & Assets/Forest/EmaceArt/Slavic World Free/_CommonFiles/OtherMaterials/EA03_LPNP-Slavika_Colorsheet_v3.mat
  artifactKey: Guid(d5b545cf21e29c747893331f5e2d695d) Importer(815301076,1909f56bfc062723c751e8b465ee728b)
Start importing Assets/Models & Assets/Forest/EmaceArt/Slavic World Free/_CommonFiles/OtherMaterials/EA03_LPNP-Slavika_Colorsheet_v3.mat using Guid(d5b545cf21e29c747893331f5e2d695d) Importer(815301076,1909f56bfc062723c751e8b465ee728b)  -> (artifact id: '46870e531c4175476e1e1274e49ddb4a') in 0.073128 seconds 
========================================================================
Received Import Request.
  Time since last request: 1.928984 seconds.
  path: Assets/Models & Assets/Forest/EmaceArt/Slavic World Free/_CommonFiles/OtherTextures
  artifactKey: Guid(cf8bd804b1ce9654c9ca0561cca7fc40) Importer(815301076,1909f56bfc062723c751e8b465ee728b)
Start importing Assets/Models & Assets/Forest/EmaceArt/Slavic World Free/_CommonFiles/OtherTextures using Guid(cf8bd804b1ce9654c9ca0561cca7fc40) Importer(815301076,1909f56bfc062723c751e8b465ee728b)  -> (artifact id: '2c8640dfd77f7fe7f5575400d7287c5e') in 0.006663 seconds 
========================================================================
Received Import Request.
  Time since last request: 0.061193 seconds.
  path: Assets/Models & Assets/Forest/EmaceArt/Slavic World Free/_CommonFiles/OtherTextures/EA02_LPNP-Slavika_Colorsheet_v2.png
  artifactKey: Guid(9fced568fdcb0204ea318bb3d5fea2ac) Importer(815301076,1909f56bfc062723c751e8b465ee728b)
Start importing Assets/Models & Assets/Forest/EmaceArt/Slavic World Free/_CommonFiles/OtherTextures/EA02_LPNP-Slavika_Colorsheet_v2.png using Guid(9fced568fdcb0204ea318bb3d5fea2ac) Importer(815301076,1909f56bfc062723c751e8b465ee728b)  -> (artifact id: '753e5ec06630ad245e4810081aeeb023') in 0.019149 seconds 
========================================================================
Received Import Request.
  Time since last request: 20.005126 seconds.
  path: Assets/Models & Assets/Forest/EmaceArt/Slavic World Free/Prefabs/Compound
  artifactKey: Guid(61cd0839b06c752489ac826361bb22b2) Importer(815301076,1909f56bfc062723c751e8b465ee728b)
Start importing Assets/Models & Assets/Forest/EmaceArt/Slavic World Free/Prefabs/Compound using Guid(61cd0839b06c752489ac826361bb22b2) Importer(815301076,1909f56bfc062723c751e8b465ee728b)  -> (artifact id: '59bb43c27351677de6826dcf688bf251') in 0.003118 seconds 
========================================================================
Received Import Request.
  Time since last request: 1.299919 seconds.
  path: Assets/Models & Assets/Forest/EmaceArt/Slavic World Free/Prefabs/Compound/Balcony
  artifactKey: Guid(79e63ac07d1e05e44a926f23e00765c2) Importer(815301076,1909f56bfc062723c751e8b465ee728b)
Start importing Assets/Models & Assets/Forest/EmaceArt/Slavic World Free/Prefabs/Compound/Balcony using Guid(79e63ac07d1e05e44a926f23e00765c2) Importer(815301076,1909f56bfc062723c751e8b465ee728b)  -> (artifact id: '1a449a406871a5fe5799846dce03e8ca') in 0.010078 seconds 
========================================================================
Received Import Request.
  Time since last request: 0.073901 seconds.
  path: Assets/Models & Assets/Forest/EmaceArt/Slavic World Free/Prefabs/Compound/Balcony/EA03_Village_Balcony_R_01a_PRE.prefab
  artifactKey: Guid(eb66b999a5299a9428c113820b096dc4) Importer(815301076,1909f56bfc062723c751e8b465ee728b)
Start importing Assets/Models & Assets/Forest/EmaceArt/Slavic World Free/Prefabs/Compound/Balcony/EA03_Village_Balcony_R_01a_PRE.prefab using Guid(eb66b999a5299a9428c113820b096dc4) Importer(815301076,1909f56bfc062723c751e8b465ee728b)  -> (artifact id: '8fae976b27fcd785826eeaefd9a94df6') in 0.034672 seconds 
========================================================================
Received Import Request.
  Time since last request: 9.798350 seconds.
  path: Assets/Models & Assets/Forest/EmaceArt/Slavic World Free/Prefabs/Prop
  artifactKey: Guid(af4b1bb4b7f4d2c44b7de0e00ee9f3df) Importer(815301076,1909f56bfc062723c751e8b465ee728b)
Start importing Assets/Models & Assets/Forest/EmaceArt/Slavic World Free/Prefabs/Prop using Guid(af4b1bb4b7f4d2c44b7de0e00ee9f3df) Importer(815301076,1909f56bfc062723c751e8b465ee728b)  -> (artifact id: 'a8a5e5e06420aac5ad06306361bf1fab') in 0.006491 seconds 
========================================================================
Received Import Request.
  Time since last request: 0.055218 seconds.
  path: Assets/Models & Assets/Forest/EmaceArt/Slavic World Free/Prefabs/Prop/EA03_Items_House_Apple_01a__PRE.prefab
  artifactKey: Guid(e31bf42144a454340baa4183b3539cd4) Importer(815301076,1909f56bfc062723c751e8b465ee728b)
Start importing Assets/Models & Assets/Forest/EmaceArt/Slavic World Free/Prefabs/Prop/EA03_Items_House_Apple_01a__PRE.prefab using Guid(e31bf42144a454340baa4183b3539cd4) Importer(815301076,1909f56bfc062723c751e8b465ee728b)  -> (artifact id: 'b88eba11e8b6bffaa72f65213fc25873') in 0.021736 seconds 
========================================================================
Received Import Request.
  Time since last request: 0.000026 seconds.
  path: Assets/Models & Assets/Forest/EmaceArt/Slavic World Free/Prefabs/Prop/EA03_Items_House_Carrot_01a__PRE.prefab
  artifactKey: Guid(3b22a8bc21e30d94ea4bdf36b9130bf3) Importer(815301076,1909f56bfc062723c751e8b465ee728b)
Start importing Assets/Models & Assets/Forest/EmaceArt/Slavic World Free/Prefabs/Prop/EA03_Items_House_Carrot_01a__PRE.prefab using Guid(3b22a8bc21e30d94ea4bdf36b9130bf3) Importer(815301076,1909f56bfc062723c751e8b465ee728b)  -> (artifact id: 'f5cefd20d944b904789df1ca9ba7c762') in 0.018070 seconds 
========================================================================
Received Import Request.
  Time since last request: 0.000031 seconds.
  path: Assets/Models & Assets/Forest/EmaceArt/Slavic World Free/Prefabs/Prop/EA03_Items_House_Corn_01a_PRE.prefab
  artifactKey: Guid(a0d15454e8d6fe747b16d15d27d52814) Importer(815301076,1909f56bfc062723c751e8b465ee728b)
Start importing Assets/Models & Assets/Forest/EmaceArt/Slavic World Free/Prefabs/Prop/EA03_Items_House_Corn_01a_PRE.prefab using Guid(a0d15454e8d6fe747b16d15d27d52814) Importer(815301076,1909f56bfc062723c751e8b465ee728b)  -> (artifact id: 'b84e32320d750cf414a693398be77090') in 0.019783 seconds 
========================================================================
Received Import Request.
  Time since last request: 0.000021 seconds.
  path: Assets/Models & Assets/Forest/EmaceArt/Slavic World Free/Prefabs/Prop/EA_Artefact_PRE.prefab
  artifactKey: Guid(d93158440308f6a4f88ef35c5fdeb20f) Importer(815301076,1909f56bfc062723c751e8b465ee728b)
Start importing Assets/Models & Assets/Forest/EmaceArt/Slavic World Free/Prefabs/Prop/EA_Artefact_PRE.prefab using Guid(d93158440308f6a4f88ef35c5fdeb20f) Importer(815301076,1909f56bfc062723c751e8b465ee728b)  -> (artifact id: 'ed059bd562de5cb61826bb7018a7e43c') in 0.026499 seconds 
========================================================================
Received Import Request.
  Time since last request: 0.000033 seconds.
  path: Assets/Models & Assets/Forest/EmaceArt/Slavic World Free/Prefabs/Prop/EA03_Prop_Composter_02a.prefab
  artifactKey: Guid(d89c78f53a82cf24cae98cc310b0de71) Importer(815301076,1909f56bfc062723c751e8b465ee728b)
Start importing Assets/Models & Assets/Forest/EmaceArt/Slavic World Free/Prefabs/Prop/EA03_Prop_Composter_02a.prefab using Guid(d89c78f53a82cf24cae98cc310b0de71) Importer(815301076,1909f56bfc062723c751e8b465ee728b)  -> (artifact id: '0c0595f956d6c27fd6a4c64f6edd3a93') in 0.028983 seconds 
========================================================================
Received Import Request.
  Time since last request: 3.837842 seconds.
  path: Assets/Models & Assets/Forest/EmaceArt/Slavic World Free/Prefabs/Prop/Furniture
  artifactKey: Guid(5ccb994782f7cec409eef319cfc6c03e) Importer(815301076,1909f56bfc062723c751e8b465ee728b)
Start importing Assets/Models & Assets/Forest/EmaceArt/Slavic World Free/Prefabs/Prop/Furniture using Guid(5ccb994782f7cec409eef319cfc6c03e) Importer(815301076,1909f56bfc062723c751e8b465ee728b)  -> (artifact id: '29f6efe371d2349ac7d4f70fcca21b59') in 0.002605 seconds 
========================================================================
Received Import Request.
  Time since last request: 0.065647 seconds.
  path: Assets/Models & Assets/Forest/EmaceArt/Slavic World Free/Prefabs/Prop/Furniture/EA03_Prop_House_Shelf_01a_PRE.prefab
  artifactKey: Guid(f219e44f8c45a5148ace498ba060743a) Importer(815301076,1909f56bfc062723c751e8b465ee728b)
Start importing Assets/Models & Assets/Forest/EmaceArt/Slavic World Free/Prefabs/Prop/Furniture/EA03_Prop_House_Shelf_01a_PRE.prefab using Guid(f219e44f8c45a5148ace498ba060743a) Importer(815301076,1909f56bfc062723c751e8b465ee728b)  -> (artifact id: 'cacc4c38a92142d3c4e842ce57609671') in 0.018668 seconds 
========================================================================
Received Import Request.
  Time since last request: 0.000024 seconds.
  path: Assets/Models & Assets/Forest/EmaceArt/Slavic World Free/Prefabs/Prop/Furniture/EA03_Prop_Town_Bed_01a.004_PRE.prefab
  artifactKey: Guid(35173bc9a0a5d3149bb1cf3582d4bb50) Importer(815301076,1909f56bfc062723c751e8b465ee728b)
Start importing Assets/Models & Assets/Forest/EmaceArt/Slavic World Free/Prefabs/Prop/Furniture/EA03_Prop_Town_Bed_01a.004_PRE.prefab using Guid(35173bc9a0a5d3149bb1cf3582d4bb50) Importer(815301076,1909f56bfc062723c751e8b465ee728b)  -> (artifact id: '0ab54d551d47323e1fe555488978e15b') in 0.027685 seconds 
========================================================================
Received Import Request.
  Time since last request: 0.000032 seconds.
  path: Assets/Models & Assets/Forest/EmaceArt/Slavic World Free/Prefabs/Prop/Furniture/EA03_Prop_Town_Bench_01b_PRE.prefab
  artifactKey: Guid(2021a16d25ff2f24ea16bc14f4494761) Importer(815301076,1909f56bfc062723c751e8b465ee728b)
Start importing Assets/Models & Assets/Forest/EmaceArt/Slavic World Free/Prefabs/Prop/Furniture/EA03_Prop_Town_Bench_01b_PRE.prefab using Guid(2021a16d25ff2f24ea16bc14f4494761) Importer(815301076,1909f56bfc062723c751e8b465ee728b)  -> (artifact id: 'f846b61389c8d1c1808dd3572c21c7b6') in 0.026087 seconds 
========================================================================
Received Import Request.
  Time since last request: 0.000019 seconds.
  path: Assets/Models & Assets/Forest/EmaceArt/Slavic World Free/Prefabs/Prop/Furniture/EA03_Prop_Town_Bench_01a_PRE.prefab
  artifactKey: Guid(a6ddb387a886d1c42b48eb3b4fe3e427) Importer(815301076,1909f56bfc062723c751e8b465ee728b)
Start importing Assets/Models & Assets/Forest/EmaceArt/Slavic World Free/Prefabs/Prop/Furniture/EA03_Prop_Town_Bench_01a_PRE.prefab using Guid(a6ddb387a886d1c42b48eb3b4fe3e427) Importer(815301076,1909f56bfc062723c751e8b465ee728b)  -> (artifact id: '7d7d7976b2f6bfa423bc5be991cde269') in 0.032302 seconds 
========================================================================
Received Import Request.
  Time since last request: 0.000026 seconds.
  path: Assets/Models & Assets/Forest/EmaceArt/Slavic World Free/Prefabs/Prop/Furniture/EA03_Prop_Pillow_01d_PRE.prefab
  artifactKey: Guid(278cda1697713d24c8d34e66d9125358) Importer(815301076,1909f56bfc062723c751e8b465ee728b)
Start importing Assets/Models & Assets/Forest/EmaceArt/Slavic World Free/Prefabs/Prop/Furniture/EA03_Prop_Pillow_01d_PRE.prefab using Guid(278cda1697713d24c8d34e66d9125358) Importer(815301076,1909f56bfc062723c751e8b465ee728b)  -> (artifact id: 'a11e253b9b192272b00f6432d046f0e3') in 0.027526 seconds 
========================================================================
Received Import Request.
  Time since last request: 0.000027 seconds.
  path: Assets/Models & Assets/Forest/EmaceArt/Slavic World Free/Prefabs/Prop/Furniture/EA03_Prop_Tabble_02a_PRE 1.prefab
  artifactKey: Guid(e4c3e00dddc572e4f843dc8b9f5c3c6f) Importer(815301076,1909f56bfc062723c751e8b465ee728b)
Start importing Assets/Models & Assets/Forest/EmaceArt/Slavic World Free/Prefabs/Prop/Furniture/EA03_Prop_Tabble_02a_PRE 1.prefab using Guid(e4c3e00dddc572e4f843dc8b9f5c3c6f) Importer(815301076,1909f56bfc062723c751e8b465ee728b)  -> (artifact id: '14bc90ed20f7e487152708cf5695828d') in 0.036734 seconds 
========================================================================
Received Import Request.
  Time since last request: 0.000029 seconds.
  path: Assets/Models & Assets/Forest/EmaceArt/Slavic World Free/Prefabs/Prop/Furniture/EA03_Prop_House_Shelf_02c_PRE.prefab
  artifactKey: Guid(ce2c1d39250162c4490bf7b7004d8b7c) Importer(815301076,1909f56bfc062723c751e8b465ee728b)
Start importing Assets/Models & Assets/Forest/EmaceArt/Slavic World Free/Prefabs/Prop/Furniture/EA03_Prop_House_Shelf_02c_PRE.prefab using Guid(ce2c1d39250162c4490bf7b7004d8b7c) Importer(815301076,1909f56bfc062723c751e8b465ee728b)  -> (artifact id: 'de9a238486387368718d89fa392e76b4') in 0.025273 seconds 
========================================================================
Received Import Request.
  Time since last request: 260.105816 seconds.
  path: Assets/Models & Assets/Forest/EmaceArt/Slavic World Free/Prefabs/Prop/Container/EA03_Prop_Container_Bale_01a_PRE.prefab
  artifactKey: Guid(f31d7085a400ebb4d8a0db596ba837f8) Importer(815301076,1909f56bfc062723c751e8b465ee728b)
Start importing Assets/Models & Assets/Forest/EmaceArt/Slavic World Free/Prefabs/Prop/Container/EA03_Prop_Container_Bale_01a_PRE.prefab using Guid(f31d7085a400ebb4d8a0db596ba837f8) Importer(815301076,1909f56bfc062723c751e8b465ee728b)  -> (artifact id: '28e2e7f1f6d88a7ccdd0581a0803d516') in 0.021742 seconds 
========================================================================
Received Import Request.
  Time since last request: 0.000028 seconds.
  path: Assets/Models & Assets/Forest/EmaceArt/Slavic World Free/Prefabs/Prop/Container/EA03_Prop_Container_Conr_01a_PRE.prefab
  artifactKey: Guid(c92a12fb577ec0a48abf55cfc24bcecd) Importer(815301076,1909f56bfc062723c751e8b465ee728b)
Start importing Assets/Models & Assets/Forest/EmaceArt/Slavic World Free/Prefabs/Prop/Container/EA03_Prop_Container_Conr_01a_PRE.prefab using Guid(c92a12fb577ec0a48abf55cfc24bcecd) Importer(815301076,1909f56bfc062723c751e8b465ee728b)  -> (artifact id: 'f287efb2e647937533b57d463e3353e2') in 0.020829 seconds 
========================================================================
Received Import Request.
  Time since last request: 0.000025 seconds.
  path: Assets/Models & Assets/Forest/EmaceArt/Slavic World Free/Prefabs/Prop/Container/EA03_Prop_Container_Basket_01a_PRE.prefab
  artifactKey: Guid(a6a526ad9171b0c49a3c326944250047) Importer(815301076,1909f56bfc062723c751e8b465ee728b)
Start importing Assets/Models & Assets/Forest/EmaceArt/Slavic World Free/Prefabs/Prop/Container/EA03_Prop_Container_Basket_01a_PRE.prefab using Guid(a6a526ad9171b0c49a3c326944250047) Importer(815301076,1909f56bfc062723c751e8b465ee728b)  -> (artifact id: '127a3d05fa0be9b7a4910cf3c884306a') in 0.018062 seconds 
========================================================================
Received Import Request.
  Time since last request: 0.000026 seconds.
  path: Assets/Models & Assets/Forest/EmaceArt/Slavic World Free/Prefabs/Prop/Container/EA03_Prop_Container_Basket_03a_PRE.prefab
  artifactKey: Guid(18b1e45bbfd559d4fa71b282638449c9) Importer(815301076,1909f56bfc062723c751e8b465ee728b)
Start importing Assets/Models & Assets/Forest/EmaceArt/Slavic World Free/Prefabs/Prop/Container/EA03_Prop_Container_Basket_03a_PRE.prefab using Guid(18b1e45bbfd559d4fa71b282638449c9) Importer(815301076,1909f56bfc062723c751e8b465ee728b)  -> (artifact id: 'f6273e2fe756b266253868db78759861') in 0.018857 seconds 
========================================================================
Received Import Request.
  Time since last request: 0.000024 seconds.
  path: Assets/Models & Assets/Forest/EmaceArt/Slavic World Free/Prefabs/Prop/Container/EA03_Prop_Container_Basket_04a_PRE.prefab
  artifactKey: Guid(2b34bca5d404b6d4f82a58459e6f87bf) Importer(815301076,1909f56bfc062723c751e8b465ee728b)
Start importing Assets/Models & Assets/Forest/EmaceArt/Slavic World Free/Prefabs/Prop/Container/EA03_Prop_Container_Basket_04a_PRE.prefab using Guid(2b34bca5d404b6d4f82a58459e6f87bf) Importer(815301076,1909f56bfc062723c751e8b465ee728b)  -> (artifact id: '75a5a43e6a147d8dbafcf69f3bfad7cc') in 0.021507 seconds 
========================================================================
Received Import Request.
  Time since last request: 0.000025 seconds.
  path: Assets/Models & Assets/Forest/EmaceArt/Slavic World Free/Prefabs/Prop/Container/EA03_Prop_Container_Chest_02a_PRE.prefab
  artifactKey: Guid(9407e798e5b755c48b4329912ff5fee2) Importer(815301076,1909f56bfc062723c751e8b465ee728b)
Start importing Assets/Models & Assets/Forest/EmaceArt/Slavic World Free/Prefabs/Prop/Container/EA03_Prop_Container_Chest_02a_PRE.prefab using Guid(9407e798e5b755c48b4329912ff5fee2) Importer(815301076,1909f56bfc062723c751e8b465ee728b)  -> (artifact id: '49b167ea9de19e3d51557e0be2c1115a') in 0.019296 seconds 
========================================================================
Received Import Request.
  Time since last request: 0.000028 seconds.
  path: Assets/Models & Assets/Forest/EmaceArt/Slavic World Free/Prefabs/Prop/Container/EA03_Prop_Vegetable_Bag_02_PRE.prefab
  artifactKey: Guid(f66a133dc2ffd9f4a94fa3cdcd8367c9) Importer(815301076,1909f56bfc062723c751e8b465ee728b)
Start importing Assets/Models & Assets/Forest/EmaceArt/Slavic World Free/Prefabs/Prop/Container/EA03_Prop_Vegetable_Bag_02_PRE.prefab using Guid(f66a133dc2ffd9f4a94fa3cdcd8367c9) Importer(815301076,1909f56bfc062723c751e8b465ee728b)  -> (artifact id: '16c1f70ad1707b51dbd02533757cd5b2') in 0.020284 seconds 
========================================================================
Received Import Request.
  Time since last request: 0.000029 seconds.
  path: Assets/Models & Assets/Forest/EmaceArt/Slavic World Free/Prefabs/Prop/Container/EA03_Prop_Vegetable_Basket_01a_PRE.prefab
  artifactKey: Guid(1de5083244ecdb64995ead4f839d08f8) Importer(815301076,1909f56bfc062723c751e8b465ee728b)
Start importing Assets/Models & Assets/Forest/EmaceArt/Slavic World Free/Prefabs/Prop/Container/EA03_Prop_Vegetable_Basket_01a_PRE.prefab using Guid(1de5083244ecdb64995ead4f839d08f8) Importer(815301076,1909f56bfc062723c751e8b465ee728b)  -> (artifact id: '592c7385b32d296dafb6b412a8f4c234') in 0.022597 seconds 
========================================================================
Received Import Request.
  Time since last request: 0.000026 seconds.
  path: Assets/Models & Assets/Forest/EmaceArt/Slavic World Free/Prefabs/Prop/Container/EA03_Prop_Container_Crate_02a_PRE.prefab
  artifactKey: Guid(ec5fbaee07c9f8c448cc5b39e6f698ee) Importer(815301076,1909f56bfc062723c751e8b465ee728b)
Start importing Assets/Models & Assets/Forest/EmaceArt/Slavic World Free/Prefabs/Prop/Container/EA03_Prop_Container_Crate_02a_PRE.prefab using Guid(ec5fbaee07c9f8c448cc5b39e6f698ee) Importer(815301076,1909f56bfc062723c751e8b465ee728b)  -> (artifact id: '2e169e380da4ebe3b89846f0eae73853') in 0.021416 seconds 
========================================================================
Received Import Request.
  Time since last request: 11.862638 seconds.
  path: Assets/Models & Assets/Forest/EmaceArt/Slavic World Free/Prefabs/Prop/Hunter/EA03_Prop_Town_AnimalSkin_01c_PRE.prefab
  artifactKey: Guid(08441e675aa177c45a27d34fb11c3114) Importer(815301076,1909f56bfc062723c751e8b465ee728b)
Start importing Assets/Models & Assets/Forest/EmaceArt/Slavic World Free/Prefabs/Prop/Hunter/EA03_Prop_Town_AnimalSkin_01c_PRE.prefab using Guid(08441e675aa177c45a27d34fb11c3114) Importer(815301076,1909f56bfc062723c751e8b465ee728b)  -> (artifact id: '6eb68d187af759ba77bf64209d41a288') in 0.019592 seconds 
========================================================================
Received Import Request.
  Time since last request: 3.494881 seconds.
  path: Assets/Models & Assets/Forest/EmaceArt/Slavic World Free/Prefabs/Prop/Forester/EA03_Prop_Forester_wooden_01d_PRE.prefab
  artifactKey: Guid(2ea82b8d023a82e458953ea8d1fba2b1) Importer(815301076,1909f56bfc062723c751e8b465ee728b)
Start importing Assets/Models & Assets/Forest/EmaceArt/Slavic World Free/Prefabs/Prop/Forester/EA03_Prop_Forester_wooden_01d_PRE.prefab using Guid(2ea82b8d023a82e458953ea8d1fba2b1) Importer(815301076,1909f56bfc062723c751e8b465ee728b)  -> (artifact id: '2e99ec7e75d7039d65226961c6bb89e2') in 0.018454 seconds 
========================================================================
Received Import Request.
  Time since last request: 2.630214 seconds.
  path: Assets/Models & Assets/Forest/EmaceArt/Slavic World Free/Prefabs/Prop/Carpentry/EA03_Prop_Tool_Stump_02a_PRE.prefab
  artifactKey: Guid(4df4404ab98a710418365b053d8d6c55) Importer(815301076,1909f56bfc062723c751e8b465ee728b)
Start importing Assets/Models & Assets/Forest/EmaceArt/Slavic World Free/Prefabs/Prop/Carpentry/EA03_Prop_Tool_Stump_02a_PRE.prefab using Guid(4df4404ab98a710418365b053d8d6c55) Importer(815301076,1909f56bfc062723c751e8b465ee728b)  -> (artifact id: 'afd4a0a8bc0f663d0e432eff035fcb26') in 0.018645 seconds 
========================================================================
Received Import Request.
  Time since last request: 5.451421 seconds.
  path: Assets/Models & Assets/Forest/EmaceArt/Slavic World Free/Prefabs/Prop/wooden/EA03_Wooden_Pin_01b_PRE.prefab
  artifactKey: Guid(66dd03f1bb8e3494ea0b1c551db06d7b) Importer(815301076,1909f56bfc062723c751e8b465ee728b)
Start importing Assets/Models & Assets/Forest/EmaceArt/Slavic World Free/Prefabs/Prop/wooden/EA03_Wooden_Pin_01b_PRE.prefab using Guid(66dd03f1bb8e3494ea0b1c551db06d7b) Importer(815301076,1909f56bfc062723c751e8b465ee728b)  -> (artifact id: '54299f87a8ff8e571a5b3cd32ec8fb56') in 0.017240 seconds 
========================================================================
Received Import Request.
  Time since last request: 3.141698 seconds.
  path: Assets/Models & Assets/Forest/EmaceArt/Slavic World Free/Prefabs/Prop/Village/EA03_Prop_Stand_Sheet_01a_PRE.prefab
  artifactKey: Guid(030aafe6a5bf7ef4ab7c96b43761fd01) Importer(815301076,1909f56bfc062723c751e8b465ee728b)
Start importing Assets/Models & Assets/Forest/EmaceArt/Slavic World Free/Prefabs/Prop/Village/EA03_Prop_Stand_Sheet_01a_PRE.prefab using Guid(030aafe6a5bf7ef4ab7c96b43761fd01) Importer(815301076,1909f56bfc062723c751e8b465ee728b)  -> (artifact id: 'eb7c37ad8404c46e297e0c40b104bb43') in 0.019089 seconds 
========================================================================
Received Import Request.
  Time since last request: 0.000032 seconds.
  path: Assets/Models & Assets/Forest/EmaceArt/Slavic World Free/Prefabs/Prop/Village/EA03_Prop_Village_Whell_01d_PRE.prefab
  artifactKey: Guid(b8a2f1e84c0f4744db1bdc8d321139a0) Importer(815301076,1909f56bfc062723c751e8b465ee728b)
Start importing Assets/Models & Assets/Forest/EmaceArt/Slavic World Free/Prefabs/Prop/Village/EA03_Prop_Village_Whell_01d_PRE.prefab using Guid(b8a2f1e84c0f4744db1bdc8d321139a0) Importer(815301076,1909f56bfc062723c751e8b465ee728b)  -> (artifact id: '543250f4626086ccc67973b7ae16cafb') in 0.017000 seconds 
========================================================================
Received Import Request.
  Time since last request: 37.811292 seconds.
  path: Assets/Models & Assets/Forest/EmaceArt/Slavic World Free/Prefabs/Items/House/EA03_Items_House_Firewood_01a_PRE.prefab
  artifactKey: Guid(9890d8d383f3c3c46ba75093f437b15e) Importer(815301076,1909f56bfc062723c751e8b465ee728b)
Start importing Assets/Models & Assets/Forest/EmaceArt/Slavic World Free/Prefabs/Items/House/EA03_Items_House_Firewood_01a_PRE.prefab using Guid(9890d8d383f3c3c46ba75093f437b15e) Importer(815301076,1909f56bfc062723c751e8b465ee728b)  -> (artifact id: '79f38327557d4335d447e930b88b6f0d') in 0.023913 seconds 
========================================================================
Received Import Request.
  Time since last request: 0.000027 seconds.
  path: Assets/Models & Assets/Forest/EmaceArt/Slavic World Free/Prefabs/Items/House/EA03_Prop_House_Shelf_01g_PRE.prefab
  artifactKey: Guid(c5f50c13bb9173843b834b4ce5b30cb2) Importer(815301076,1909f56bfc062723c751e8b465ee728b)
Start importing Assets/Models & Assets/Forest/EmaceArt/Slavic World Free/Prefabs/Items/House/EA03_Prop_House_Shelf_01g_PRE.prefab using Guid(c5f50c13bb9173843b834b4ce5b30cb2) Importer(815301076,1909f56bfc062723c751e8b465ee728b)  -> (artifact id: 'a1ec507e7611998fe6d3c75defd527b3') in 0.027588 seconds 
========================================================================
Received Import Request.
  Time since last request: 187.406747 seconds.
  path: Assets/Models & Assets/Forest/EmaceArt/Slavic World Free/Prefabs/Village/OutBuilding
  artifactKey: Guid(8be7ac8391e45fd4988047e17e25b82f) Importer(815301076,1909f56bfc062723c751e8b465ee728b)
Start importing Assets/Models & Assets/Forest/EmaceArt/Slavic World Free/Prefabs/Village/OutBuilding using Guid(8be7ac8391e45fd4988047e17e25b82f) Importer(815301076,1909f56bfc062723c751e8b465ee728b)  -> (artifact id: 'c8006a147dd0b762ddfc3a49dba6a0b6') in 0.007625 seconds 
========================================================================
Received Import Request.
  Time since last request: 0.068880 seconds.
  path: Assets/Models & Assets/Forest/EmaceArt/Slavic World Free/Prefabs/Village/OutBuilding/EA03_Village_OutBuilding_PentHouse_01a_PRE.prefab
  artifactKey: Guid(e2f8c4b2f75e8c24e87456a8117a1508) Importer(815301076,1909f56bfc062723c751e8b465ee728b)
Start importing Assets/Models & Assets/Forest/EmaceArt/Slavic World Free/Prefabs/Village/OutBuilding/EA03_Village_OutBuilding_PentHouse_01a_PRE.prefab using Guid(e2f8c4b2f75e8c24e87456a8117a1508) Importer(815301076,1909f56bfc062723c751e8b465ee728b)  -> (artifact id: 'f537c4ee3b7b98b2632cbab972f361de') in 0.019939 seconds 
========================================================================
Received Import Request.
  Time since last request: 3.961233 seconds.
  path: Assets/Models & Assets/Forest/EmaceArt/Slavic World Free/Prefabs/Village/Village/AnimalBreeding
  artifactKey: Guid(2e570af4e21d87646945b8d25f5c9f74) Importer(815301076,1909f56bfc062723c751e8b465ee728b)
Start importing Assets/Models & Assets/Forest/EmaceArt/Slavic World Free/Prefabs/Village/Village/AnimalBreeding using Guid(2e570af4e21d87646945b8d25f5c9f74) Importer(815301076,1909f56bfc062723c751e8b465ee728b)  -> (artifact id: 'de781883e3425a231da376f5269a75f3') in 0.006873 seconds 
========================================================================
Received Import Request.
  Time since last request: 0.052919 seconds.
  path: Assets/Models & Assets/Forest/EmaceArt/Slavic World Free/Prefabs/Village/Village/AnimalBreeding/EA03_Village_AnimalBreeding_Hovel_01a_PRE.prefab
  artifactKey: Guid(6aec5bac406a2d044ae41b2b1ef23ffd) Importer(815301076,1909f56bfc062723c751e8b465ee728b)
Start importing Assets/Models & Assets/Forest/EmaceArt/Slavic World Free/Prefabs/Village/Village/AnimalBreeding/EA03_Village_AnimalBreeding_Hovel_01a_PRE.prefab using Guid(6aec5bac406a2d044ae41b2b1ef23ffd) Importer(815301076,1909f56bfc062723c751e8b465ee728b)  -> (artifact id: '42c826bd34308ec28f91259c1e6186ce') in 0.016027 seconds 
========================================================================
Received Import Request.
  Time since last request: 4.088253 seconds.
  path: Assets/Models & Assets/Forest/EmaceArt/Slavic World Free/Prefabs/Village/Elements
  artifactKey: Guid(9027be728d3b3b545a5b46a600a46677) Importer(815301076,1909f56bfc062723c751e8b465ee728b)
Start importing Assets/Models & Assets/Forest/EmaceArt/Slavic World Free/Prefabs/Village/Elements using Guid(9027be728d3b3b545a5b46a600a46677) Importer(815301076,1909f56bfc062723c751e8b465ee728b)  -> (artifact id: '340db5b63e4f903fc02ff451be158947') in 0.006664 seconds 
========================================================================
Received Import Request.
  Time since last request: 0.064297 seconds.
  path: Assets/Models & Assets/Forest/EmaceArt/Slavic World Free/Prefabs/Village/Elements/EA03_Prop_House_Bolt_01a_PRE.prefab
  artifactKey: Guid(4b0d2e42947866c42b193739d42e3fc5) Importer(815301076,1909f56bfc062723c751e8b465ee728b)
Start importing Assets/Models & Assets/Forest/EmaceArt/Slavic World Free/Prefabs/Village/Elements/EA03_Prop_House_Bolt_01a_PRE.prefab using Guid(4b0d2e42947866c42b193739d42e3fc5) Importer(815301076,1909f56bfc062723c751e8b465ee728b)  -> (artifact id: '582d827333ebb5e2d0faa8dfc621369f') in 0.023006 seconds 
========================================================================
Received Import Request.
  Time since last request: 0.000027 seconds.
  path: Assets/Models & Assets/Forest/EmaceArt/Slavic World Free/Prefabs/Village/Elements/EA03_Prop_House_Shutter_01d_PRE.prefab
  artifactKey: Guid(06a8d51f3d3b2824a924b5fd11f46453) Importer(815301076,1909f56bfc062723c751e8b465ee728b)
Start importing Assets/Models & Assets/Forest/EmaceArt/Slavic World Free/Prefabs/Village/Elements/EA03_Prop_House_Shutter_01d_PRE.prefab using Guid(06a8d51f3d3b2824a924b5fd11f46453) Importer(815301076,1909f56bfc062723c751e8b465ee728b)  -> (artifact id: '8e818921fae34ca9c77e71fb928b5015') in 0.020775 seconds 
========================================================================
Received Import Request.
  Time since last request: 0.000027 seconds.
  path: Assets/Models & Assets/Forest/EmaceArt/Slavic World Free/Prefabs/Village/Elements/EA03_Prop_House_Shutter_01c_PRE.prefab
  artifactKey: Guid(957332e63e4a23d4a87eb37fba342585) Importer(815301076,1909f56bfc062723c751e8b465ee728b)
Start importing Assets/Models & Assets/Forest/EmaceArt/Slavic World Free/Prefabs/Village/Elements/EA03_Prop_House_Shutter_01c_PRE.prefab using Guid(957332e63e4a23d4a87eb37fba342585) Importer(815301076,1909f56bfc062723c751e8b465ee728b)  -> (artifact id: '58501f91a2ccdbc824f9e94463e0d5d5') in 0.021173 seconds 
========================================================================
Received Import Request.
  Time since last request: 25.431922 seconds.
  path: Assets/Models & Assets/Forest/EmaceArt/Slavic World Free/Prefabs/Terrain/Field/EA03_Terrain_Field_2x2_Seam_01a_PRE.prefab
  artifactKey: Guid(703b74a326cc6a640803dfc6729475bb) Importer(815301076,1909f56bfc062723c751e8b465ee728b)
Start importing Assets/Models & Assets/Forest/EmaceArt/Slavic World Free/Prefabs/Terrain/Field/EA03_Terrain_Field_2x2_Seam_01a_PRE.prefab using Guid(703b74a326cc6a640803dfc6729475bb) Importer(815301076,1909f56bfc062723c751e8b465ee728b)  -> (artifact id: 'b696def2a3bd8633a3f6fc42bae5f368') in 0.018181 seconds 
========================================================================
Received Import Request.
  Time since last request: 38.739540 seconds.
  path: Assets/Models & Assets/Forest/EmaceArt/Slavic World Free/Prefabs/Items/Crockery/EA03_Items_House_BredBoard_01a_PRE.prefab
  artifactKey: Guid(dbe9353ac8cafe44c9705937e8c1c96a) Importer(815301076,1909f56bfc062723c751e8b465ee728b)
Start importing Assets/Models & Assets/Forest/EmaceArt/Slavic World Free/Prefabs/Items/Crockery/EA03_Items_House_BredBoard_01a_PRE.prefab using Guid(dbe9353ac8cafe44c9705937e8c1c96a) Importer(815301076,1909f56bfc062723c751e8b465ee728b)  -> (artifact id: '59fe206228b9b081c978f78e04a17749') in 0.025319 seconds 
========================================================================
Received Import Request.
  Time since last request: 0.000026 seconds.
  path: Assets/Models & Assets/Forest/EmaceArt/Slavic World Free/Prefabs/Items/Crockery/EA_Items_House_spoon_wooden_02_PRE.prefab
  artifactKey: Guid(f8868d156d26b1d49b08d99099e76ddc) Importer(815301076,1909f56bfc062723c751e8b465ee728b)
Start importing Assets/Models & Assets/Forest/EmaceArt/Slavic World Free/Prefabs/Items/Crockery/EA_Items_House_spoon_wooden_02_PRE.prefab using Guid(f8868d156d26b1d49b08d99099e76ddc) Importer(815301076,1909f56bfc062723c751e8b465ee728b)  -> (artifact id: 'fa1d566934a15c1953c0da1f96029288') in 0.039628 seconds 
========================================================================
Received Import Request.
  Time since last request: 0.000023 seconds.
  path: Assets/Models & Assets/Forest/EmaceArt/Slavic World Free/Prefabs/Items/Crockery/EA_Items_House_mug_01b_PRE.prefab
  artifactKey: Guid(7eb1907a1a1e7d4468f1cd2f206f8f6f) Importer(815301076,1909f56bfc062723c751e8b465ee728b)
Start importing Assets/Models & Assets/Forest/EmaceArt/Slavic World Free/Prefabs/Items/Crockery/EA_Items_House_mug_01b_PRE.prefab using Guid(7eb1907a1a1e7d4468f1cd2f206f8f6f) Importer(815301076,1909f56bfc062723c751e8b465ee728b)  -> (artifact id: 'fa2e979a1bd9cbe8953537b95ec15e45') in 0.041553 seconds 
========================================================================
Received Import Request.
  Time since last request: 0.000029 seconds.
  path: Assets/Models & Assets/Forest/EmaceArt/Slavic World Free/Prefabs/Items/Crockery/EA_Items_House_pan_empty_01a_PRE.prefab
  artifactKey: Guid(0bf5ee6af77635741b78819524c9ea8d) Importer(815301076,1909f56bfc062723c751e8b465ee728b)
Start importing Assets/Models & Assets/Forest/EmaceArt/Slavic World Free/Prefabs/Items/Crockery/EA_Items_House_pan_empty_01a_PRE.prefab using Guid(0bf5ee6af77635741b78819524c9ea8d) Importer(815301076,1909f56bfc062723c751e8b465ee728b)  -> (artifact id: '75fed62d1174a6abeb86897f76cd4f7e') in 0.052758 seconds 
========================================================================
Received Import Request.
  Time since last request: 0.000030 seconds.
  path: Assets/Models & Assets/Forest/EmaceArt/Slavic World Free/Prefabs/Items/Crockery/EA_Items_House_bowl_spoon_01a_PRE.prefab
  artifactKey: Guid(37c5698a453a3b9489d364465122470b) Importer(815301076,1909f56bfc062723c751e8b465ee728b)
Start importing Assets/Models & Assets/Forest/EmaceArt/Slavic World Free/Prefabs/Items/Crockery/EA_Items_House_bowl_spoon_01a_PRE.prefab using Guid(37c5698a453a3b9489d364465122470b) Importer(815301076,1909f56bfc062723c751e8b465ee728b)  -> (artifact id: '133278c2720abedc9b4dcd8d6b316555') in 0.030314 seconds 
========================================================================
Received Import Request.
  Time since last request: 0.000026 seconds.
  path: Assets/Models & Assets/Forest/EmaceArt/Slavic World Free/Prefabs/Items/Crockery/EA_Items_House_cauldron_01d_PRE.prefab
  artifactKey: Guid(f308fbc121b974b4fb8e1dad68940d52) Importer(815301076,1909f56bfc062723c751e8b465ee728b)
Start importing Assets/Models & Assets/Forest/EmaceArt/Slavic World Free/Prefabs/Items/Crockery/EA_Items_House_cauldron_01d_PRE.prefab using Guid(f308fbc121b974b4fb8e1dad68940d52) Importer(815301076,1909f56bfc062723c751e8b465ee728b)  -> (artifact id: 'a7d5b51e53ea43621b3f062b0e0b85b3') in 0.025252 seconds 
========================================================================
Received Import Request.
  Time since last request: 0.000021 seconds.
  path: Assets/Models & Assets/Forest/EmaceArt/Slavic World Free/Prefabs/Items/Crockery/EA_Items_House_bowl_wod_PRE.prefab
  artifactKey: Guid(5951f971024a62945a70df5f4c2985e1) Importer(815301076,1909f56bfc062723c751e8b465ee728b)
Start importing Assets/Models & Assets/Forest/EmaceArt/Slavic World Free/Prefabs/Items/Crockery/EA_Items_House_bowl_wod_PRE.prefab using Guid(5951f971024a62945a70df5f4c2985e1) Importer(815301076,1909f56bfc062723c751e8b465ee728b)  -> (artifact id: '04270050199c7ddf12c8cba8f08c4170') in 0.029264 seconds 
========================================================================
Received Import Request.
  Time since last request: 0.000022 seconds.
  path: Assets/Models & Assets/Forest/EmaceArt/Slavic World Free/Prefabs/Items/Crockery/EA_Items_House_cauldron_soup_01a_PRE.prefab
  artifactKey: Guid(f4b937c578a566a438aaa67e42a66e76) Importer(815301076,1909f56bfc062723c751e8b465ee728b)
Start importing Assets/Models & Assets/Forest/EmaceArt/Slavic World Free/Prefabs/Items/Crockery/EA_Items_House_cauldron_soup_01a_PRE.prefab using Guid(f4b937c578a566a438aaa67e42a66e76) Importer(815301076,1909f56bfc062723c751e8b465ee728b)  -> (artifact id: 'aef3ce0dfa5dfb9812f9adc40917a528') in 0.021204 seconds 
========================================================================
Received Import Request.
  Time since last request: 0.000023 seconds.
  path: Assets/Models & Assets/Forest/EmaceArt/Slavic World Free/Prefabs/Items/Crockery/EA_Items_House_spoon_wooden_04_PRE.prefab
  artifactKey: Guid(eb104b5a58abb634f8bf172ea37f91dd) Importer(815301076,1909f56bfc062723c751e8b465ee728b)
Start importing Assets/Models & Assets/Forest/EmaceArt/Slavic World Free/Prefabs/Items/Crockery/EA_Items_House_spoon_wooden_04_PRE.prefab using Guid(eb104b5a58abb634f8bf172ea37f91dd) Importer(815301076,1909f56bfc062723c751e8b465ee728b)  -> (artifact id: 'ed5ad71b92cee0dedb956cea289dce70') in 0.019526 seconds 
========================================================================
Received Import Request.
  Time since last request: 0.000026 seconds.
  path: Assets/Models & Assets/Forest/EmaceArt/Slavic World Free/Prefabs/Items/Crockery/EA03_Items_House_Spoon_01a_PRE.prefab
  artifactKey: Guid(49cb1db37d2f2bf40947e40e03f795b0) Importer(815301076,1909f56bfc062723c751e8b465ee728b)
Start importing Assets/Models & Assets/Forest/EmaceArt/Slavic World Free/Prefabs/Items/Crockery/EA03_Items_House_Spoon_01a_PRE.prefab using Guid(49cb1db37d2f2bf40947e40e03f795b0) Importer(815301076,1909f56bfc062723c751e8b465ee728b)  -> (artifact id: '12eeb59cfcf85104875c6e26e902302d') in 0.022265 seconds 
========================================================================
Received Import Request.
  Time since last request: 0.000034 seconds.
  path: Assets/Models & Assets/Forest/EmaceArt/Slavic World Free/Prefabs/Items/Crockery/EA_Items_House_mug_01a_PRE.prefab
  artifactKey: Guid(e07011373948d8641ab8bbf508857332) Importer(815301076,1909f56bfc062723c751e8b465ee728b)
Start importing Assets/Models & Assets/Forest/EmaceArt/Slavic World Free/Prefabs/Items/Crockery/EA_Items_House_mug_01a_PRE.prefab using Guid(e07011373948d8641ab8bbf508857332) Importer(815301076,1909f56bfc062723c751e8b465ee728b)  -> (artifact id: '5b485db9b64238b223f0823c7450f007') in 0.021667 seconds 
========================================================================
Received Import Request.
  Time since last request: 0.000036 seconds.
  path: Assets/Models & Assets/Forest/EmaceArt/Slavic World Free/Prefabs/Items/Crockery/EA_Items_House_bowl_metal_PRE.prefab
  artifactKey: Guid(9bdc637fb8b469245bf2dcc990b26551) Importer(815301076,1909f56bfc062723c751e8b465ee728b)
Start importing Assets/Models & Assets/Forest/EmaceArt/Slavic World Free/Prefabs/Items/Crockery/EA_Items_House_bowl_metal_PRE.prefab using Guid(9bdc637fb8b469245bf2dcc990b26551) Importer(815301076,1909f56bfc062723c751e8b465ee728b)  -> (artifact id: 'f19fb1ad3c6185113c3fec2223c47dd7') in 0.021147 seconds 
========================================================================
Received Import Request.
  Time since last request: 25.333951 seconds.
  path: Assets/Models & Assets/Forest/EmaceArt/Slavic World Free/Prefabs/RiverStraight/EA03_Environment_RiverStraight_02a_PRE.prefab
  artifactKey: Guid(abd8889aa4086c542894f3843af6e58f) Importer(815301076,1909f56bfc062723c751e8b465ee728b)
Start importing Assets/Models & Assets/Forest/EmaceArt/Slavic World Free/Prefabs/RiverStraight/EA03_Environment_RiverStraight_02a_PRE.prefab using Guid(abd8889aa4086c542894f3843af6e58f) Importer(815301076,1909f56bfc062723c751e8b465ee728b)  -> (artifact id: 'b83846b2cc80d0f31b60cf2ca588a804') in 0.022500 seconds 
Editor requested this worker to shutdown with reason: Scaling down because of idle timeout
AssetImportWorker is now disconnected from the server
Process exiting
Exiting without the bug reporter. Application will terminate with return code 0