Using pre-set license
Built from '2021.2/staging' branch; Version is '2021.2.3f1 (32358a8527b4) revision 3290506'; Using compiler version '192829333'; Build Type 'Release'
OS: 'Windows 10 Home; OS build 19044.1706; Version 2009; 64bit' Language: 'en' Physical Memory: 16306 MB
BatchMode: 1, IsHumanControllingUs: 0, StartBugReporterOnCrash: 0, Is64bit: 1, IsPro: 0

COMMAND LINE ARGUMENTS:
C:\Program Files\Unity\Hub\Editor\2019.2.11f1\Editor\2021.2.3f1\Editor\Unity.exe
-adb2
-batchMode
-noUpm
-name
AssetImportWorker10
-projectPath
C:/Users/georg/Desktop/Unity Projects/DoorwayParadoxes
-logFile
Logs/AssetImportWorker10.log
-srvPort
62804
Successfully changed project path to: C:/Users/georg/Desktop/Unity Projects/DoorwayParadoxes
C:/Users/georg/Desktop/Unity Projects/DoorwayParadoxes
[UnityMemory] Configuration Parameters - Can be set up in boot.config
    "memorysetup-bucket-allocator-granularity=16"
    "memorysetup-bucket-allocator-bucket-count=8"
    "memorysetup-bucket-allocator-block-size=33554432"
    "memorysetup-bucket-allocator-block-count=8"
    "memorysetup-main-allocator-block-size=16777216"
    "memorysetup-thread-allocator-block-size=16777216"
    "memorysetup-gfx-main-allocator-block-size=16777216"
    "memorysetup-gfx-thread-allocator-block-size=16777216"
    "memorysetup-cache-allocator-block-size=4194304"
    "memorysetup-typetree-allocator-block-size=2097152"
    "memorysetup-profiler-bucket-allocator-granularity=16"
    "memorysetup-profiler-bucket-allocator-bucket-count=8"
    "memorysetup-profiler-bucket-allocator-block-size=33554432"
    "memorysetup-profiler-bucket-allocator-block-count=8"
    "memorysetup-profiler-allocator-block-size=16777216"
    "memorysetup-profiler-editor-allocator-block-size=1048576"
    "memorysetup-temp-allocator-size-main=16777216"
    "memorysetup-job-temp-allocator-block-size=2097152"
    "memorysetup-job-temp-allocator-block-size-background=1048576"
    "memorysetup-job-temp-allocator-reduction-small-platforms=262144"
    "memorysetup-temp-allocator-size-background-worker=32768"
    "memorysetup-temp-allocator-size-job-worker=262144"
    "memorysetup-temp-allocator-size-preload-manager=33554432"
    "memorysetup-temp-allocator-size-nav-mesh-worker=65536"
    "memorysetup-temp-allocator-size-audio-worker=65536"
    "memorysetup-temp-allocator-size-cloud-worker=32768"
    "memorysetup-temp-allocator-size-gi-baking-worker=262144"
    "memorysetup-temp-allocator-size-gfx=262144"
Refreshing native plugins compatible for Editor in 131.78 ms, found 3 plugins.
Preloading 0 native plugins for Editor in 0.00 ms.
Initialize engine version: 2021.2.3f1 (32358a8527b4)
[Subsystems] Discovering subsystems at path C:/Program Files/Unity/Hub/Editor/2019.2.11f1/Editor/2021.2.3f1/Editor/Data/Resources/UnitySubsystems
[Subsystems] Discovering subsystems at path C:/Users/georg/Desktop/Unity Projects/DoorwayParadoxes/Assets
GfxDevice: creating device client; threaded=0; jobified=0
Direct3D:
    Version:  Direct3D 11.0 [level 11.1]
    Renderer: NVIDIA GeForce GTX 1660 Ti (ID=0x2182)
    Vendor:   NVIDIA
    VRAM:     5991 MB
    Driver:   30.0.15.1179
Initialize mono
Mono path[0] = 'C:/Program Files/Unity/Hub/Editor/2019.2.11f1/Editor/2021.2.3f1/Editor/Data/Managed'
Mono path[1] = 'C:/Program Files/Unity/Hub/Editor/2019.2.11f1/Editor/2021.2.3f1/Editor/Data/MonoBleedingEdge/lib/mono/unityjit-win32'
Mono config path = 'C:/Program Files/Unity/Hub/Editor/2019.2.11f1/Editor/2021.2.3f1/Editor/Data/MonoBleedingEdge/etc'
Using monoOptions --debugger-agent=transport=dt_socket,embedding=1,server=y,suspend=n,address=127.0.0.1:56236
Begin MonoManager ReloadAssembly
Registering precompiled unity dll's ...
Register platform support module: C:/Program Files/Unity/Hub/Editor/2019.2.11f1/Editor/2021.2.3f1/Editor/Data/PlaybackEngines/WindowsStandaloneSupport/UnityEditor.WindowsStandalone.Extensions.dll
Registered in 0.013130 seconds.
Native extension for WindowsStandalone target not found
Refreshing native plugins compatible for Editor in 144.44 ms, found 3 plugins.
Preloading 0 native plugins for Editor in 0.00 ms.
Mono: successfully reloaded assembly
- Completed reload, in  0.793 seconds
Domain Reload Profiling:
	ReloadAssembly (793ms)
		BeginReloadAssembly (91ms)
			ExecutionOrderSort (0ms)
			DisableScriptedObjects (0ms)
			BackupInstance (0ms)
			ReleaseScriptingObjects (0ms)
			CreateAndSetChildDomain (1ms)
		EndReloadAssembly (599ms)
			LoadAssemblies (87ms)
			RebuildTransferFunctionScriptingTraits (0ms)
			SetupTypeCache (113ms)
			ReleaseScriptCaches (0ms)
			RebuildScriptCaches (29ms)
			SetupLoadedEditorAssemblies (391ms)
				LogAssemblyErrors (0ms)
				InitializePlatformSupportModulesInManaged (19ms)
				SetLoadedEditorAssemblies (0ms)
				RefreshPlugins (145ms)
				BeforeProcessingInitializeOnLoad (1ms)
				ProcessInitializeOnLoadAttributes (169ms)
				ProcessInitializeOnLoadMethodAttributes (56ms)
				AfterProcessingInitializeOnLoad (0ms)
				EditorAssembliesLoaded (0ms)
			ExecutionOrderSort2 (0ms)
			AwakeInstancesAfterBackupRestoration (0ms)
Platform modules already initialized, skipping
Registering precompiled user dll's ...
Registered in 0.013064 seconds.
Begin MonoManager ReloadAssembly
Symbol file LoadedFromMemory doesn't match image C:\Users\georg\Desktop\Unity Projects\DoorwayParadoxes\Library\PackageCache\com.unity.visualscripting@1.7.5\Editor\VisualScripting.Core\Dependencies\YamlDotNet\Unity.VisualScripting.YamlDotNet.dll
Symbol file LoadedFromMemory doesn't match image C:\Users\georg\Desktop\Unity Projects\DoorwayParadoxes\Library\PackageCache\com.unity.visualscripting@1.7.5\Editor\VisualScripting.Core\Dependencies\DotNetZip\Unity.VisualScripting.IonicZip.dll
Native extension for WindowsStandalone target not found
Refreshing native plugins compatible for Editor in 142.00 ms, found 3 plugins.
Preloading 0 native plugins for Editor in 0.00 ms.
Mono: successfully reloaded assembly
- Completed reload, in  2.312 seconds
Domain Reload Profiling:
	ReloadAssembly (2313ms)
		BeginReloadAssembly (199ms)
			ExecutionOrderSort (0ms)
			DisableScriptedObjects (7ms)
			BackupInstance (0ms)
			ReleaseScriptingObjects (0ms)
			CreateAndSetChildDomain (20ms)
		EndReloadAssembly (1990ms)
			LoadAssemblies (105ms)
			RebuildTransferFunctionScriptingTraits (0ms)
			SetupTypeCache (340ms)
			ReleaseScriptCaches (1ms)
			RebuildScriptCaches (65ms)
			SetupLoadedEditorAssemblies (1360ms)
				LogAssemblyErrors (0ms)
				InitializePlatformSupportModulesInManaged (13ms)
				SetLoadedEditorAssemblies (0ms)
				RefreshPlugins (142ms)
				BeforeProcessingInitializeOnLoad (146ms)
				ProcessInitializeOnLoadAttributes (951ms)
				ProcessInitializeOnLoadMethodAttributes (93ms)
				AfterProcessingInitializeOnLoad (14ms)
				EditorAssembliesLoaded (0ms)
			ExecutionOrderSort2 (0ms)
			AwakeInstancesAfterBackupRestoration (7ms)
Platform modules already initialized, skipping
========================================================================
Worker process is ready to serve import requests
Launched and connected shader compiler UnityShaderCompiler.exe after 0.06 seconds
Refreshing native plugins compatible for Editor in 0.98 ms, found 3 plugins.
Preloading 0 native plugins for Editor in 0.00 ms.
Unloading 4953 Unused Serialized files (Serialized files now loaded: 0)
Unloading 34 unused Assets / (0.7 MB). Loaded Objects now: 5430.
Memory consumption went from 211.7 MB to 211.1 MB.
Total: 4.559000 ms (FindLiveObjects: 0.473100 ms CreateObjectMapping: 0.187000 ms MarkObjects: 3.542700 ms  DeleteObjects: 0.354800 ms)

AssetImportParameters requested are different than current active one (requested -> active):
  custom:video-decoder-ogg-theora: a1e56fd34408186e4bbccfd4996cb3dc -> 
  custom:container-muxer-webm: aa71ff27fc2769a1b78a27578f13a17b -> 
  custom:container-demuxer-webm: 4f35f7cbe854078d1ac9338744f61a02 -> 
  custom:video-encoder-webm-vp8: eb34c28f22e8b96e1ab97ce403110664 -> 
  custom:audio-encoder-webm-vorbis: bf7c407c2cedff20999df2af8eb42d56 -> 
  custom:framework-win-MediaFoundation: 216162199b28c13a410421893ffa2e32 -> 
  custom:container-demuxer-ogg: 62fdf1f143b41e24485cea50d1cbac27 -> 
  custom:video-decoder-webm-vp8: 9c59270c3fd7afecdb556c50c9e8de78 -> 
  custom:audio-decoder-ogg-vorbis: bf7c407c2cedff20999df2af8eb42d56 -> 
========================================================================
Received Import Request.
  Time since last request: 23061.218766 seconds.
  path: Assets/Models & Assets/Forest/EmaceArt/Slavic World Free/Prefabs/Village/Building/Porch
  artifactKey: Guid(7f49b2687cd27704f9135ab3454cde59) Importer(815301076,1909f56bfc062723c751e8b465ee728b)
Start importing Assets/Models & Assets/Forest/EmaceArt/Slavic World Free/Prefabs/Village/Building/Porch using Guid(7f49b2687cd27704f9135ab3454cde59) Importer(815301076,1909f56bfc062723c751e8b465ee728b)  -> (artifact id: '7dbdffc8505f39998d425bf15669b68a') in 0.014350 seconds 
========================================================================
Received Import Request.
  Time since last request: 0.033154 seconds.
  path: Assets/Models & Assets/Forest/EmaceArt/Slavic World Free/Prefabs/Village/Building/Porch/EA03_Village_HouseModule_Porch_01d_PRE.prefab
  artifactKey: Guid(377d225ecc6d4674ebd0a7deb503b5c7) Importer(815301076,1909f56bfc062723c751e8b465ee728b)
Start importing Assets/Models & Assets/Forest/EmaceArt/Slavic World Free/Prefabs/Village/Building/Porch/EA03_Village_HouseModule_Porch_01d_PRE.prefab using Guid(377d225ecc6d4674ebd0a7deb503b5c7) Importer(815301076,1909f56bfc062723c751e8b465ee728b)  -> (artifact id: '9153b73a276afa8a194c47e676893a06') in 0.130865 seconds 
========================================================================
Received Import Request.
  Time since last request: 5.330335 seconds.
  path: Assets/Models & Assets/Forest/EmaceArt/Slavic World Free/Prefabs/Village/Building/Compound
  artifactKey: Guid(181d05efe9f0e044dbfb7ee07d72ed28) Importer(815301076,1909f56bfc062723c751e8b465ee728b)
Start importing Assets/Models & Assets/Forest/EmaceArt/Slavic World Free/Prefabs/Village/Building/Compound using Guid(181d05efe9f0e044dbfb7ee07d72ed28) Importer(815301076,1909f56bfc062723c751e8b465ee728b)  -> (artifact id: '4cf61c86dd59c72a10902c3a7e0db117') in 0.002548 seconds 
========================================================================
Received Import Request.
  Time since last request: 0.578128 seconds.
  path: Assets/Models & Assets/Forest/EmaceArt/Slavic World Free/Prefabs/Village/Building/Compound/Walls
  artifactKey: Guid(876917b37c582934eb44a9520477df07) Importer(815301076,1909f56bfc062723c751e8b465ee728b)
Start importing Assets/Models & Assets/Forest/EmaceArt/Slavic World Free/Prefabs/Village/Building/Compound/Walls using Guid(876917b37c582934eb44a9520477df07) Importer(815301076,1909f56bfc062723c751e8b465ee728b)  -> (artifact id: '5ab8d0fe27505ce677337f57b898b785') in 0.006594 seconds 
========================================================================
Received Import Request.
  Time since last request: 0.048319 seconds.
  path: Assets/Models & Assets/Forest/EmaceArt/Slavic World Free/Prefabs/Village/Building/Compound/Walls/EA03_Village_Hut_Wall_Front_01i_PRE.prefab
  artifactKey: Guid(225337266f16dc04aa201f020490e7cb) Importer(815301076,1909f56bfc062723c751e8b465ee728b)
Start importing Assets/Models & Assets/Forest/EmaceArt/Slavic World Free/Prefabs/Village/Building/Compound/Walls/EA03_Village_Hut_Wall_Front_01i_PRE.prefab using Guid(225337266f16dc04aa201f020490e7cb) Importer(815301076,1909f56bfc062723c751e8b465ee728b)  -> (artifact id: '0e4ecf6da08d090601f3a7dc7aa422b6') in 0.016254 seconds 
========================================================================
Received Import Request.
  Time since last request: 8.130714 seconds.
  path: Assets/Models & Assets/Forest/EmaceArt/Slavic World Free/Prefabs/Terrain/Field
  artifactKey: Guid(4b33810e804390143addd66e338acb1b) Importer(815301076,1909f56bfc062723c751e8b465ee728b)
Start importing Assets/Models & Assets/Forest/EmaceArt/Slavic World Free/Prefabs/Terrain/Field using Guid(4b33810e804390143addd66e338acb1b) Importer(815301076,1909f56bfc062723c751e8b465ee728b)  -> (artifact id: '84d08376e4630f5dcfd06f79050b6b1f') in 0.006636 seconds 
========================================================================
Received Import Request.
  Time since last request: 0.047068 seconds.
  path: Assets/Models & Assets/Forest/EmaceArt/Slavic World Free/Prefabs/Terrain/Field/EA03_Environment_Field_Comp_01a.prefab
  artifactKey: Guid(6363e34dfc52e3340be71ff809be4fec) Importer(815301076,1909f56bfc062723c751e8b465ee728b)
Start importing Assets/Models & Assets/Forest/EmaceArt/Slavic World Free/Prefabs/Terrain/Field/EA03_Environment_Field_Comp_01a.prefab using Guid(6363e34dfc52e3340be71ff809be4fec) Importer(815301076,1909f56bfc062723c751e8b465ee728b)  -> (artifact id: '50e4f67ff387214a90a81036b07f24a8') in 0.022246 seconds 
========================================================================
Received Import Request.
  Time since last request: 33.587119 seconds.
  path: Assets/Models & Assets/Forest/EmaceArt/Slavic World Free/Prefabs/Items/Tool
  artifactKey: Guid(523e6777993417945ab95c95906aecda) Importer(815301076,1909f56bfc062723c751e8b465ee728b)
Start importing Assets/Models & Assets/Forest/EmaceArt/Slavic World Free/Prefabs/Items/Tool using Guid(523e6777993417945ab95c95906aecda) Importer(815301076,1909f56bfc062723c751e8b465ee728b)  -> (artifact id: '705a1cb5571503bd03cb79dc6d7ddb2d') in 0.007890 seconds 
========================================================================
Received Import Request.
  Time since last request: 0.030328 seconds.
  path: Assets/Models & Assets/Forest/EmaceArt/Slavic World Free/Prefabs/Items/Tool/EA03_Prop_Tool_Pick_01a_PRE.prefab
  artifactKey: Guid(091d14a26038cb34e8f8c03f3212574d) Importer(815301076,1909f56bfc062723c751e8b465ee728b)
Start importing Assets/Models & Assets/Forest/EmaceArt/Slavic World Free/Prefabs/Items/Tool/EA03_Prop_Tool_Pick_01a_PRE.prefab using Guid(091d14a26038cb34e8f8c03f3212574d) Importer(815301076,1909f56bfc062723c751e8b465ee728b)  -> (artifact id: '936a5cc0cc7ea861d10515686b6b6801') in 0.024436 seconds 
========================================================================
Received Import Request.
  Time since last request: 4.571597 seconds.
  path: Assets/Models & Assets/Forest/EmaceArt/Slavic World Free/Prefabs/Items/Crockery
  artifactKey: Guid(e7b7ba6a35d2f6e488ecdbfab90f31be) Importer(815301076,1909f56bfc062723c751e8b465ee728b)
Start importing Assets/Models & Assets/Forest/EmaceArt/Slavic World Free/Prefabs/Items/Crockery using Guid(e7b7ba6a35d2f6e488ecdbfab90f31be) Importer(815301076,1909f56bfc062723c751e8b465ee728b)  -> (artifact id: 'd1d4755e5c411ac24ed6fe74b886277a') in 0.006532 seconds 
========================================================================
Received Import Request.
  Time since last request: 0.487559 seconds.
  path: Assets/Models & Assets/Forest/EmaceArt/Slavic World Free/Prefabs/Items/Crockery/EA03_Items_House_Bottle_01a_PRE.prefab
  artifactKey: Guid(24a03f4ff6a389c4783be3862c88fc42) Importer(815301076,1909f56bfc062723c751e8b465ee728b)
Start importing Assets/Models & Assets/Forest/EmaceArt/Slavic World Free/Prefabs/Items/Crockery/EA03_Items_House_Bottle_01a_PRE.prefab using Guid(24a03f4ff6a389c4783be3862c88fc42) Importer(815301076,1909f56bfc062723c751e8b465ee728b)  -> (artifact id: '4bdba3e45bc2a29195aee3af98cf21d0') in 0.025753 seconds 
========================================================================
Received Import Request.
  Time since last request: 0.000023 seconds.
  path: Assets/Models & Assets/Forest/EmaceArt/Slavic World Free/Prefabs/Items/Crockery/EA_Items_House_mug_02a_PRE.prefab
  artifactKey: Guid(6c46120f03f89d34a9d24ec626e0bef3) Importer(815301076,1909f56bfc062723c751e8b465ee728b)
Start importing Assets/Models & Assets/Forest/EmaceArt/Slavic World Free/Prefabs/Items/Crockery/EA_Items_House_mug_02a_PRE.prefab using Guid(6c46120f03f89d34a9d24ec626e0bef3) Importer(815301076,1909f56bfc062723c751e8b465ee728b)  -> (artifact id: 'd38979cae0a8c30dc223e943111aab09') in 0.034838 seconds 
========================================================================
Received Import Request.
  Time since last request: 0.000019 seconds.
  path: Assets/Models & Assets/Forest/EmaceArt/Slavic World Free/Prefabs/Items/Crockery/EA_Items_House_spoon_wooden_03_PRE.prefab
  artifactKey: Guid(399f4a63d0bc1d949aaee33c9bdad9d9) Importer(815301076,1909f56bfc062723c751e8b465ee728b)
Start importing Assets/Models & Assets/Forest/EmaceArt/Slavic World Free/Prefabs/Items/Crockery/EA_Items_House_spoon_wooden_03_PRE.prefab using Guid(399f4a63d0bc1d949aaee33c9bdad9d9) Importer(815301076,1909f56bfc062723c751e8b465ee728b)  -> (artifact id: '144a424f954a44f94fc1e205c84d3246') in 0.020776 seconds 
========================================================================
Received Import Request.
  Time since last request: 0.000027 seconds.
  path: Assets/Models & Assets/Forest/EmaceArt/Slavic World Free/Prefabs/Items/Crockery/EA_Items_House_bowl_wooden_powder_02a_PRE.prefab
  artifactKey: Guid(3f6657538fc1b5b40a92930900607b01) Importer(815301076,1909f56bfc062723c751e8b465ee728b)
Start importing Assets/Models & Assets/Forest/EmaceArt/Slavic World Free/Prefabs/Items/Crockery/EA_Items_House_bowl_wooden_powder_02a_PRE.prefab using Guid(3f6657538fc1b5b40a92930900607b01) Importer(815301076,1909f56bfc062723c751e8b465ee728b)  -> (artifact id: '3abf090e82725975c743607dd567b21a') in 0.049147 seconds 
========================================================================
Received Import Request.
  Time since last request: 0.000042 seconds.
  path: Assets/Models & Assets/Forest/EmaceArt/Slavic World Free/Prefabs/Items/Crockery/EA_Items_House_cauldron_01a_PRE.prefab
  artifactKey: Guid(77dd488734341a34f9117138d26bdc29) Importer(815301076,1909f56bfc062723c751e8b465ee728b)
Start importing Assets/Models & Assets/Forest/EmaceArt/Slavic World Free/Prefabs/Items/Crockery/EA_Items_House_cauldron_01a_PRE.prefab using Guid(77dd488734341a34f9117138d26bdc29) Importer(815301076,1909f56bfc062723c751e8b465ee728b)  -> (artifact id: '3b4bb5017bacbd4874894c1ad45a0c57') in 0.045418 seconds 
========================================================================
Received Import Request.
  Time since last request: 0.000025 seconds.
  path: Assets/Models & Assets/Forest/EmaceArt/Slavic World Free/Prefabs/Items/Crockery/EA_Items_House_bowl_wod_2_PRE.prefab
  artifactKey: Guid(102fd982bf89df0479b0f7ae49aa713b) Importer(815301076,1909f56bfc062723c751e8b465ee728b)
Start importing Assets/Models & Assets/Forest/EmaceArt/Slavic World Free/Prefabs/Items/Crockery/EA_Items_House_bowl_wod_2_PRE.prefab using Guid(102fd982bf89df0479b0f7ae49aa713b) Importer(815301076,1909f56bfc062723c751e8b465ee728b)  -> (artifact id: '40165e8f580c72e886b267305e9d08e8') in 0.079030 seconds 
========================================================================
Received Import Request.
  Time since last request: 0.000024 seconds.
  path: Assets/Models & Assets/Forest/EmaceArt/Slavic World Free/Prefabs/Items/Crockery/EA_Items_House_kettle_01a_PRE.prefab
  artifactKey: Guid(60c864788d7efa2418bed99bbb835b3e) Importer(815301076,1909f56bfc062723c751e8b465ee728b)
Start importing Assets/Models & Assets/Forest/EmaceArt/Slavic World Free/Prefabs/Items/Crockery/EA_Items_House_kettle_01a_PRE.prefab using Guid(60c864788d7efa2418bed99bbb835b3e) Importer(815301076,1909f56bfc062723c751e8b465ee728b)  -> (artifact id: '4f60736fbfcbce0c579397f2439ee1a6') in 0.019804 seconds 
========================================================================
Received Import Request.
  Time since last request: 0.000023 seconds.
  path: Assets/Models & Assets/Forest/EmaceArt/Slavic World Free/Prefabs/Items/Crockery/EA_Items_House_kettle_empty_01a_PRE.prefab
  artifactKey: Guid(7548e5eaf1631944f94444c4400f8c77) Importer(815301076,1909f56bfc062723c751e8b465ee728b)
Start importing Assets/Models & Assets/Forest/EmaceArt/Slavic World Free/Prefabs/Items/Crockery/EA_Items_House_kettle_empty_01a_PRE.prefab using Guid(7548e5eaf1631944f94444c4400f8c77) Importer(815301076,1909f56bfc062723c751e8b465ee728b)  -> (artifact id: '5b5e242b2c8cb8ac66c161ff360aa446') in 0.019672 seconds 
========================================================================
Received Import Request.
  Time since last request: 0.000029 seconds.
  path: Assets/Models & Assets/Forest/EmaceArt/Slavic World Free/Prefabs/Items/Crockery/EA03_Items_House_Cup_01a_PRE.prefab
  artifactKey: Guid(577f3886dcc589649a230e4523de4d66) Importer(815301076,1909f56bfc062723c751e8b465ee728b)
Start importing Assets/Models & Assets/Forest/EmaceArt/Slavic World Free/Prefabs/Items/Crockery/EA03_Items_House_Cup_01a_PRE.prefab using Guid(577f3886dcc589649a230e4523de4d66) Importer(815301076,1909f56bfc062723c751e8b465ee728b)  -> (artifact id: '9efa45850f0638eb6e41ae9e9e6f701a') in 0.020034 seconds 
========================================================================
Received Import Request.
  Time since last request: 0.000029 seconds.
  path: Assets/Models & Assets/Forest/EmaceArt/Slavic World Free/Prefabs/Items/Crockery/EA_Items_House_spoon_wooden_PRE.prefab
  artifactKey: Guid(383acf5e399e1874380ae8eb00a916d8) Importer(815301076,1909f56bfc062723c751e8b465ee728b)
Start importing Assets/Models & Assets/Forest/EmaceArt/Slavic World Free/Prefabs/Items/Crockery/EA_Items_House_spoon_wooden_PRE.prefab using Guid(383acf5e399e1874380ae8eb00a916d8) Importer(815301076,1909f56bfc062723c751e8b465ee728b)  -> (artifact id: '79a472ce0323d902ee9908debbc3d68b') in 0.020456 seconds 
========================================================================
Received Import Request.
  Time since last request: 0.000031 seconds.
  path: Assets/Models & Assets/Forest/EmaceArt/Slavic World Free/Prefabs/Items/Crockery/EA_Items_House_spoon_wooden_05_PRE.prefab
  artifactKey: Guid(333fb13d0b193244a96f53a4fcebbb07) Importer(815301076,1909f56bfc062723c751e8b465ee728b)
Start importing Assets/Models & Assets/Forest/EmaceArt/Slavic World Free/Prefabs/Items/Crockery/EA_Items_House_spoon_wooden_05_PRE.prefab using Guid(333fb13d0b193244a96f53a4fcebbb07) Importer(815301076,1909f56bfc062723c751e8b465ee728b)  -> (artifact id: 'ca8e928cdf476ab9bcfed2b859882594') in 0.020143 seconds 
========================================================================
Received Import Request.
  Time since last request: 25.340625 seconds.
  path: Assets/Models & Assets/Forest/EmaceArt/Slavic World Free/Prefabs/RiverStraight/EA03_Environment_RiverStraight_01g_PRE.prefab
  artifactKey: Guid(44d48239c0a72b4468263e88c8bb26a7) Importer(815301076,1909f56bfc062723c751e8b465ee728b)
Start importing Assets/Models & Assets/Forest/EmaceArt/Slavic World Free/Prefabs/RiverStraight/EA03_Environment_RiverStraight_01g_PRE.prefab using Guid(44d48239c0a72b4468263e88c8bb26a7) Importer(815301076,1909f56bfc062723c751e8b465ee728b)  -> (artifact id: 'ccafb4c472751dc5d0b075bf2fd2c23e') in 0.021614 seconds 
========================================================================
Received Import Request.
  Time since last request: 0.000028 seconds.
  path: Assets/Models & Assets/Forest/EmaceArt/Slavic World Free/Prefabs/RiverStraight/EA03_Environment_RiverStraight_02b_PRE.prefab
  artifactKey: Guid(048227a5d83a8884191728fca4f57ada) Importer(815301076,1909f56bfc062723c751e8b465ee728b)
Start importing Assets/Models & Assets/Forest/EmaceArt/Slavic World Free/Prefabs/RiverStraight/EA03_Environment_RiverStraight_02b_PRE.prefab using Guid(048227a5d83a8884191728fca4f57ada) Importer(815301076,1909f56bfc062723c751e8b465ee728b)  -> (artifact id: '18538b3fa62138fa4cabc0b1026afbd9') in 0.030623 seconds 
========================================================================
Received Prepare
Registering precompiled user dll's ...
Registered in 0.017595 seconds.
Begin MonoManager ReloadAssembly
Symbol file LoadedFromMemory doesn't match image C:\Users\georg\Desktop\Unity Projects\DoorwayParadoxes\Library\PackageCache\com.unity.visualscripting@1.7.5\Editor\VisualScripting.Core\Dependencies\YamlDotNet\Unity.VisualScripting.YamlDotNet.dll
Symbol file LoadedFromMemory doesn't match image C:\Users\georg\Desktop\Unity Projects\DoorwayParadoxes\Library\PackageCache\com.unity.visualscripting@1.7.5\Editor\VisualScripting.Core\Dependencies\DotNetZip\Unity.VisualScripting.IonicZip.dll
Native extension for WindowsStandalone target not found
Refreshing native plugins compatible for Editor in 1.51 ms, found 3 plugins.
Preloading 0 native plugins for Editor in 0.00 ms.
Mono: successfully reloaded assembly
- Completed reload, in  1.834 seconds
Domain Reload Profiling:
	ReloadAssembly (1835ms)
		BeginReloadAssembly (182ms)
			ExecutionOrderSort (0ms)
			DisableScriptedObjects (6ms)
			BackupInstance (0ms)
			ReleaseScriptingObjects (0ms)
			CreateAndSetChildDomain (48ms)
		EndReloadAssembly (1508ms)
			LoadAssemblies (113ms)
			RebuildTransferFunctionScriptingTraits (0ms)
			SetupTypeCache (394ms)
			ReleaseScriptCaches (2ms)
			RebuildScriptCaches (59ms)
			SetupLoadedEditorAssemblies (780ms)
				LogAssemblyErrors (0ms)
				InitializePlatformSupportModulesInManaged (17ms)
				SetLoadedEditorAssemblies (1ms)
				RefreshPlugins (2ms)
				BeforeProcessingInitializeOnLoad (130ms)
				ProcessInitializeOnLoadAttributes (515ms)
				ProcessInitializeOnLoadMethodAttributes (98ms)
				AfterProcessingInitializeOnLoad (17ms)
				EditorAssembliesLoaded (0ms)
			ExecutionOrderSort2 (0ms)
			AwakeInstancesAfterBackupRestoration (8ms)
Platform modules already initialized, skipping
Refreshing native plugins compatible for Editor in 1.57 ms, found 3 plugins.
Preloading 0 native plugins for Editor in 0.00 ms.
Unloading 4865 Unused Serialized files (Serialized files now loaded: 0)
Unloading 30 unused Assets / (0.7 MB). Loaded Objects now: 5438.
Memory consumption went from 208.2 MB to 207.6 MB.
Total: 6.459500 ms (FindLiveObjects: 0.605500 ms CreateObjectMapping: 0.366000 ms MarkObjects: 5.144500 ms  DeleteObjects: 0.341700 ms)

AssetImportParameters requested are different than current active one (requested -> active):
  custom:video-decoder-ogg-theora: a1e56fd34408186e4bbccfd4996cb3dc -> 
  custom:container-muxer-webm: aa71ff27fc2769a1b78a27578f13a17b -> 
  custom:container-demuxer-webm: 4f35f7cbe854078d1ac9338744f61a02 -> 
  custom:video-encoder-webm-vp8: eb34c28f22e8b96e1ab97ce403110664 -> 
  custom:audio-encoder-webm-vorbis: bf7c407c2cedff20999df2af8eb42d56 -> 
  custom:framework-win-MediaFoundation: 216162199b28c13a410421893ffa2e32 -> 
  custom:container-demuxer-ogg: 62fdf1f143b41e24485cea50d1cbac27 -> 
  custom:video-decoder-webm-vp8: 9c59270c3fd7afecdb556c50c9e8de78 -> 
  custom:audio-decoder-ogg-vorbis: bf7c407c2cedff20999df2af8eb42d56 -> 
========================================================================
Received Prepare
Registering precompiled user dll's ...
Registered in 0.012116 seconds.
Begin MonoManager ReloadAssembly
Symbol file LoadedFromMemory doesn't match image C:\Users\georg\Desktop\Unity Projects\DoorwayParadoxes\Library\PackageCache\com.unity.visualscripting@1.7.5\Editor\VisualScripting.Core\Dependencies\YamlDotNet\Unity.VisualScripting.YamlDotNet.dll
Symbol file LoadedFromMemory doesn't match image C:\Users\georg\Desktop\Unity Projects\DoorwayParadoxes\Library\PackageCache\com.unity.visualscripting@1.7.5\Editor\VisualScripting.Core\Dependencies\DotNetZip\Unity.VisualScripting.IonicZip.dll
Native extension for WindowsStandalone target not found
Refreshing native plugins compatible for Editor in 1.54 ms, found 3 plugins.
Preloading 0 native plugins for Editor in 0.00 ms.
Mono: successfully reloaded assembly
- Completed reload, in  1.813 seconds
Domain Reload Profiling:
	ReloadAssembly (1814ms)
		BeginReloadAssembly (192ms)
			ExecutionOrderSort (0ms)
			DisableScriptedObjects (7ms)
			BackupInstance (0ms)
			ReleaseScriptingObjects (0ms)
			CreateAndSetChildDomain (52ms)
		EndReloadAssembly (1481ms)
			LoadAssemblies (116ms)
			RebuildTransferFunctionScriptingTraits (0ms)
			SetupTypeCache (380ms)
			ReleaseScriptCaches (3ms)
			RebuildScriptCaches (64ms)
			SetupLoadedEditorAssemblies (772ms)
				LogAssemblyErrors (0ms)
				InitializePlatformSupportModulesInManaged (17ms)
				SetLoadedEditorAssemblies (1ms)
				RefreshPlugins (2ms)
				BeforeProcessingInitializeOnLoad (135ms)
				ProcessInitializeOnLoadAttributes (494ms)
				ProcessInitializeOnLoadMethodAttributes (108ms)
				AfterProcessingInitializeOnLoad (16ms)
				EditorAssembliesLoaded (0ms)
			ExecutionOrderSort2 (0ms)
			AwakeInstancesAfterBackupRestoration (7ms)
Platform modules already initialized, skipping
Refreshing native plugins compatible for Editor in 1.33 ms, found 3 plugins.
Preloading 0 native plugins for Editor in 0.00 ms.
Unloading 4865 Unused Serialized files (Serialized files now loaded: 0)
Unloading 30 unused Assets / (0.7 MB). Loaded Objects now: 5440.
Memory consumption went from 208.2 MB to 207.6 MB.
Total: 5.269700 ms (FindLiveObjects: 0.619300 ms CreateObjectMapping: 0.249400 ms MarkObjects: 4.022500 ms  DeleteObjects: 0.377100 ms)

AssetImportParameters requested are different than current active one (requested -> active):
  custom:video-decoder-ogg-theora: a1e56fd34408186e4bbccfd4996cb3dc -> 
  custom:container-muxer-webm: aa71ff27fc2769a1b78a27578f13a17b -> 
  custom:container-demuxer-webm: 4f35f7cbe854078d1ac9338744f61a02 -> 
  custom:video-encoder-webm-vp8: eb34c28f22e8b96e1ab97ce403110664 -> 
  custom:audio-encoder-webm-vorbis: bf7c407c2cedff20999df2af8eb42d56 -> 
  custom:framework-win-MediaFoundation: 216162199b28c13a410421893ffa2e32 -> 
  custom:container-demuxer-ogg: 62fdf1f143b41e24485cea50d1cbac27 -> 
  custom:video-decoder-webm-vp8: 9c59270c3fd7afecdb556c50c9e8de78 -> 
  custom:audio-decoder-ogg-vorbis: bf7c407c2cedff20999df2af8eb42d56 -> 
